Started Descartes: Thu May  3 10:36:04 CEST 2018
Descartes pom file:  pom_for_descartes.xml
[INFO] Scanning for projects...
[WARNING] 
[WARNING] Some problems were encountered while building the effective model for com.telefonica.iot:cygnus-ngsi:jar:1.8.0_SNAPSHOT
[WARNING] 'dependencies.dependency.systemPath' for com.telefonica.iot:cygnus-common:jar should use a variable instead of a hard-coded path /home/stamp/Git/CityGo/fiware-cygnus/cygnus-ngsi/cygnus-common-1.8.0_SNAPSHOT-jar-with-dependencies.jar @ line 61, column 25
[WARNING] 'version' uses an unsupported snapshot version format, should be '*-SNAPSHOT' instead. @ line 8, column 14
[WARNING] 
[WARNING] It is highly recommended to fix these problems because they threaten the stability of your build.
[WARNING] 
[WARNING] For this reason, future Maven versions might no longer support building such malformed projects.
[WARNING] 
[INFO]                                                                         
[INFO] ------------------------------------------------------------------------
[INFO] Building cygnus-ngsi 1.8.0_SNAPSHOT
[INFO] ------------------------------------------------------------------------
[INFO] 
[INFO] --- maven-resources-plugin:2.6:resources (default-resources) @ cygnus-ngsi ---
[INFO] Using 'UTF-8' encoding to copy filtered resources.
[INFO] Copying 2 resources
[INFO] 
[INFO] --- maven-compiler-plugin:3.5.1:compile (default-compile) @ cygnus-ngsi ---
[INFO] Nothing to compile - all classes are up to date
[INFO] 
[INFO] --- maven-resources-plugin:2.6:testResources (default-testResources) @ cygnus-ngsi ---
[INFO] Using 'UTF-8' encoding to copy filtered resources.
[INFO] skip non existing resourceDirectory /home/stamp/Git/CityGo/fiware-cygnus/cygnus-ngsi/src/test/resources
[INFO] 
[INFO] --- maven-compiler-plugin:3.5.1:testCompile (default-testCompile) @ cygnus-ngsi ---
[INFO] Nothing to compile - all classes are up to date
[INFO] 
[INFO] --- maven-surefire-plugin:2.12.4:test (default-test) @ cygnus-ngsi ---
[INFO] Surefire report directory: /home/stamp/Git/CityGo/fiware-cygnus/cygnus-ngsi/target/surefire-reports

-------------------------------------------------------
 T E S T S
-------------------------------------------------------
Running com.telefonica.iot.cygnus.interceptors.NGSINameMappingsInterceptorTest
[NGSIGroupingInterceptor.doMapRegex] -------------------------------- A mapped ContextElement can be obtained from the Name Mappings
[NGSIGroupingInterceptor.doMapRegex] -------------------------  OK  - The mapped NotifyContextRequest is equals to the expected one
[NGSIGroupingInterceptor.intercept] --------------------------------- When a NGSI event is put in the channel, it contains the original ContextElement and the mapped one as bytes in the body
[NGSIGroupingInterceptor.intercept] --------------------------  OK  - The generated NGSI event contains the original ContextElement as bytes
[NGSIGroupingInterceptor.intercept] --------------------------------- When a NGSI event is put in the channel, it contains fiware-service, fiware-servicepath, fiware-correlator, transaction-id, mapped-fiware-service and mapped-fiware-servicepath headers
Exception in thread "Thread-0" java.lang.NullPointerException
	at java.io.File.<init>(File.java:277)
	at com.telefonica.iot.cygnus.interceptors.NGSINameMappingsInterceptor$PeriodicalNameMappingsReader.run(NGSINameMappingsInterceptor.java:213)
[NGSIGroupingInterceptor.intercept] --------------------------  OK  - The generated NGSI event contains 'fiware-service'
[NGSIGroupingInterceptor.intercept] --------------------------  OK  - The generated NGSI event contains 'fiware-servicepath'
[NGSIGroupingInterceptor.intercept] --------------------------  OK  - The generated NGSI event contains 'fiware-correlator'
[NGSIGroupingInterceptor.intercept] --------------------------  OK  - The generated NGSI event contains 'transaction-id'
[NGSIGroupingInterceptor.intercept] --------------------------  OK  - The generated NGSI event contains 'mapped-fiware-service'
[NGSIGroupingInterceptor.intercept] --------------------------  OK  - The generated NGSI event contains 'mapped-fiware-servicepath'
[NGSIGroupingInterceptor.doMap] ------------------------------------- A mapped ContextElement can be obtained from the Name Mappings
[NGSIGroupingInterceptor.doMap] ------------------------------  OK  - The mapped NotifyContextRequest is equals to the expected one
[NGSINameMappingInterceptor.Builder.configure] ---------------------- Configured 'name_mappings_conf_file' cannot be empty
[NGSINameMappingInterceptor.Builder.configure] ---------------  OK  - Empty 'name_mappings_conf_file' has been detected
[NGSIGroupingInterceptor.intercept] --------------------------------- When a NGSI event is put in the channel, it contains the original ContextElement and the mapped one as objects
[NGSIGroupingInterceptor.intercept] --------------------------  OK  - The generated NGSI event contains the original ContextElement as object
[NGSIGroupingInterceptor.intercept] --------------------------  OK  - The generated NGSI event contains the mapped ContextElement as object
[NGSINameMappingInterceptor.Builder.configure] ---------------------- Configured 'name_mappings_conf_file' cannot be null
[NGSINameMappingInterceptor.Builder.configure] ---------------  OK  - Null 'name_mappings_conf_file' has been detected
Tests run: 7, Failures: 0, Errors: 0, Skipped: 0, Time elapsed: 0.239 sec
Running com.telefonica.iot.cygnus.interceptors.NGSIEventTest
[NGSIEvent.getServicePathForData] ----------------------------------- The original service path is returned
[NGSIEvent.getServicePathForData] ----------------------------  OK  - The original service path has been returned
[NGSIEvent.getServiceForData] --------------------------------------- The original service is returned
[NGSIEvent.getServiceForData] --------------------------------  OK  - The original service has been returned
[NGSIEvent.getRecvTimeTs] ------------------------------------------- The timestamp is returned
[NGSIEvent.getRecvTimeTs] ------------------------------------  OK  - The timestamp has been returned
[NGSIEvent.getBody] ------------------------------------------------- Bytes regarding the original context element are returned
[NGSIEvent.getBody] ------------------------------------------  OK  - Bytes regarding the original context element have been returned
[NGSIEvent.getEntityForNaming] -------------------------------------- When grouping is enabled, independently of the new encoding, the grouped entity is returned
[NGSIEvent.getEntityForNaming] -------------------------------  OK  - The grouped entity has been returned
[NGSIEvent.getEntityForNaming] -------------------------------------- When mappings and new encoding are enabled, the concatenation of the mapped entity ID and type (no encoding) is returned
[NGSIEvent.getEntityForNaming] -------------------------------  OK  - The concatenation of the mapped entity ID and type (encoding) has been returned
[NGSIEvent.getAttributeForNaming] ----------------------------------- When mappings is enabled, the mapped attribute name is returned
[NGSIEvent.getAttributeForNaming] ----------------------------  OK  - The mapped attribute name has been returned
[NGSIEvent.getAttributeForNaming] ----------------------------------- When mappings is not enabled, the original attribute name is returned
[NGSIEvent.getAttributeForNaming] ----------------------------  OK  - The original attribute name has been returned
[NGSIEvent.getServiceForNaming] ------------------------------------- When name mappings are enabled, the mapped service is returned
[NGSIEvent.getServiceForNaming] ------------------------------  OK  - The original service has been returned
[NGSIEvent.getServiceForNaming] ------------------------------------- When name mappings are not enabled, the original service is returned
[NGSIEvent.getServiceForNaming] ------------------------------  OK  - The original service has been returned
[NGSIEvent.getServicePathForNaming] --------------------------------- When grouping and mappings are not enabled, the original service path is returned
[NGSIEvent.getServicePathForNaming] --------------------------  OK  - The original service path has been returned
[NGSIEvent.getEntityForNaming] -------------------------------------- When mappings is enabled and the mapped type is empty, independently of the new encoding, the mapped entity ID is returned
[NGSIEvent.getEntityForNaming] -------------------------------  OK  - The entity ID has been returned
[NGSIEvent.getEntityForNaming] -------------------------------------- When grouping, mappings and new encoding are not enabled, the original entity (not encoded) is returned
[NGSIEvent.getEntityForNaming] -------------------------------  OK  - The original entity (not encoded) has been returned
[NGSIEvent.getServicePathForNaming] --------------------------------- When grouping is enabled, the grouped service path is returned
[NGSIEvent.getServicePathForNaming] --------------------------  OK  - The grouped service path has been returned
[NGSIEvent.getServicePathForNaming] --------------------------------- When mappings are enabled, the mapped service path is returned
[NGSIEvent.getServicePathForNaming] --------------------------  OK  - The grouped service path has been returned
[NGSIEvent.setBody] ------------------------------------------------- Bytes are correctly set
[NGSIEvent.setBody] ------------------------------------------  OK  - Bytes regarding the original context element have been returned
[NGSIEvent.getEntityForNaming] -------------------------------------- When mappings is enabled and new encoding is not enabled, the concatenation of the mapped entity ID and type (no encoding) is returned
[NGSIEvent.getEntityForNaming] -------------------------------  OK  - The concatenation of the mapped entity ID and type (no encoding) has been returned
[NGSIEvent.getEntityForNaming] -------------------------------------- When grouping and mappings are not enabled and new encoding is enabled, the original entity (encoded) is returned
[NGSIEvent.getEntityForNaming] -------------------------------  OK  - The original entity (not encoded) has been returned
Tests run: 18, Failures: 0, Errors: 0, Skipped: 0, Time elapsed: 0.016 sec
Running com.telefonica.iot.cygnus.interceptors.NGSIGroupingInterceptorTest
[GroupingInterceptor.Builder.configure] ----------------------------- Configured 'grouping_rules_conf_file' cannot be empty
[GroupingInterceptor.Builder.configure] ----------------------  OK  - Empty 'grouping_rules_conf_file' has been detected
[GroupingInterceptor.intercept] ------------------------------------- When a Flume event is put in the channel, it contains fiware-service, fiware-servicepath, fiware-correlator, transaction-id, notified-entities, grouped-servicepaths and grouped-entities headers
[GroupingInterceptor.intercept] ------------------------------  OK  - The generated Flume event contains 'fiware-service'
[GroupingInterceptor.intercept] ------------------------------  OK  - The generated Flume event contains 'fiware-servicepath'
[GroupingInterceptor.intercept] ------------------------------  OK  - The generated Flume event contains 'fiware-correlator'
[GroupingInterceptor.intercept] ------------------------------  OK  - The generated Flume event contains 'transaction-id'
[GroupingInterceptor.intercept] ------------------------------  OK  - The generated Flume event contains 'notified-entity'
[GroupingInterceptor.intercept] ------------------------------  OK  - The generated Flume event contains 'grouped-servicepath'
[GroupingInterceptor.intercept] ------------------------------  OK  - The generated Flume event contains 'grouped-entity'
[GroupingInterceptor.Builder.configure] ----------------------------- Configured 'grouping_rules_conf_file' cannot be null
[GroupingInterceptor.Builder.configure] ----------------------  OK  - Null 'grouping_rules_conf_file' has been detected
[GroupingInterceptor.Builder.configure] ----------------------------- Not mandatory parameters get the default value on configure()
[GroupingInterceptor.Builder.configure] ----------------------  OK  - 'enable_new_encoding' is configured to 'false' by default
[GroupingInterceptor.Builder.configure] ----------------------------- When configured, enable_new_encoding must be 'true' or 'false'
[GroupingInterceptor.Builder.configure] ----------------------  OK  - 'enable_new_encoding=falso' has been detected
Tests run: 5, Failures: 0, Errors: 0, Skipped: 0, Time elapsed: 0.006 sec
Running com.telefonica.iot.cygnus.sinks.NGSICKANSinkTest
[NGSICKANSink.buildResName] ----------------------------------------- When encoding, the CKAN resource name is the encoding of the concatenation of the notified <entityId> and <entityType>
[NGSICKANSink.buildResName] ----------------------------------  OK  - 'somex0049dxffffsomex0054ype' is equals to the encoding of <entityId> and <entityType>
[NGSICKANSink.buildPkgName] ----------------------------------------- When no encoding and when using a notified/defaulted root service path, the pkg name is equals to the encoding of the concatenation of the notified/defaulted service and the notified/defaulted service path
[NGSICKANSink.buildPkgName] ----------------------------------  OK  - 'someservice' is equals to the encoding of <service>xffff<servicePath>
[NGSICKANSink.buildResName] ----------------------------------------- A resource name length greater than 100 characters is detected
[NGSICKANSink.buildResName] ----------------------------------  OK  - A resource name length greater than 100 characters has been detected
[NGSICKANSink.buildOrgName] ----------------------------------------- An organization name length greater than 100 characters is detected
[NGSICKANSink.buildOrgName] ----------------------------------  OK  - An organization name length greater than 100 characters has been detected
[NGSICKANSink.buildResName] ----------------------------------------- When no encoding, the CKAN resource name is the encoding of the concatenation of the notified <entityId> and <entityType>
[NGSICKANSink.buildResName] ----------------------------------  OK  - 'someid_sometype' is equals to the encoding of <entityId> and <entityType>
[NGSICKANSink.buildOrgName] ----------------------------------------- When no encoding, the org name is equals to the encoding of the notified/defaulted service
[NGSICKANSink.buildOrgName] ----------------------------------  OK  - 'someservice' is equals to the encoding of <service>
[NGSICKANSink.configure] -------------------------------------------- attr_persistence can only be 'row' or 'column'
[NGSICKANSink.configure] -------------------------------------  OK  - 'attr_persistence=fila' was detected
[NGSICKANSink.configure] -------------------------------------------- enable_grouping can only be 'true' or 'false'
[NGSICKANSink.configure] -------------------------------------  OK  - 'enable_grouping=falso' was detected
[NGSICKANSink.buildPkgName] ----------------------------------------- When encoding and when using a notified/defaulted non root service path, the pkg name is equals to the encoding of the concatenation of the notified/defaulted service and the notified/defaulted service path
[NGSICKANSink.buildPkgName] ----------------------------------  OK  - 'somex0053ervicexffffx002fsomex0053ervicex0050ath' is equals to the encoding of <service>xffff<servicePath>
[NGSICKANSink.buildPkgName] ----------------------------------------- When encoding and when using a notified/defaulted root service path, the pkg name is equals to the encoding of the concatenation of the notified/defaulted service and the notified/defaulted service path
[NGSICKANSink.buildPkgName] ----------------------------------  OK  - 'somex0053ervicexffffx002f' is equals to the encoding of <service>xffff<servicePath>
[NGSICKANSink.buildOrgName] ----------------------------------------- When encoding, the org name is equals to the encoding of the notified/defaulted service
[NGSICKANSink.buildOrgName] ----------------------------------  OK  - 'somex0053ervice' is equals to the encoding of <service>
[NGSICKANSink.configure] -------------------------------------------- enable_lowercase can only be 'true' or 'false'
[NGSICKANSink.configure] -------------------------------------  OK  - 'enable_lowercase=falso' was detected
[NGSICKANSink.buildPkgName] ----------------------------------------- A resource name length greater than 100 characters is detected
[NGSICKANSink.buildPkgName] ----------------------------------  OK  - A package name length greater than 100 characters has been detected
[NGSICKANSink.configure] -------------------------------------------- enable_encoding can only be 'true' or 'false'
[NGSICKANSink.configure] -------------------------------------  OK  - 'enable_encoding=falso' was detected
[NGSICKANSink.buildPkgName] ----------------------------------------- When no encoding and when using a notified/defaulted non root service path, the pkg name is equals to the encoding of the concatenation of the notified/defaulted service and the notified/defaulted service path
[NGSICKANSink.buildPkgName] ----------------------------------  OK  - 'someservice_someservicepath' is equals to the encoding of <service>xffff<servicePath>
[NGSICKANSink.configure] -------------------------------------------- Parameters gets the configured value
[NGSICKANSink.configure] -------------------------------------  OK  - 'backend.max_conns=25' was configured
[NGSICKANSink.configure] -------------------------------------  OK  - 'backend.max_conns_per_route=3' was configured
[NGSICKANSink.configure] -------------------------------------  OK  - 'ckan_viewer=recline_view' was configured
[NGSICKANSink.configure] -------------------------------------------- When not configured, not mandatory parameters get default values
[NGSICKANSink.configure] -------------------------------------  OK  - 'attr_persistence=row' configured by default
[NGSICKANSink.configure] -------------------------------------  OK  - 'api_key=nokey' configured by default
[NGSICKANSink.configure] -------------------------------------  OK  - 'backend.max_conns=500' configured by default
[NGSICKANSink.configure] -------------------------------------  OK  - 'backend.max_conns_per_route=100' configured by default
[NGSICKANSink.configure] -------------------------------------  OK  - 'batch_size=1' configured by default
[NGSICKANSink.configure] -------------------------------------  OK  - 'batch_timeout=30' configured by default
[NGSICKANSink.configure] -------------------------------------  OK  - 'batch_ttl=30' configured by default
[NGSICKANSink.configure] -------------------------------------  OK  - 'data_model=dm-by-entity' configured by default
[NGSICKANSink.configure] -------------------------------------  OK  - 'enable_encoding=false' configured by default
[NGSICKANSink.configure] -------------------------------------  OK  - 'enable_grouping=false' configured by default
[NGSICKANSink.configure] -------------------------------------  OK  - 'enable_lowercase=true' configured by default
[NGSICKANSink.configure] -------------------------------------  OK  - 'ckan_host=localhost' configured by default
[NGSICKANSink.configure] -------------------------------------  OK  - 'ckan_port=80' configured by default
[NGSICKANSink.configure] -------------------------------------  OK  - 'ssl=false' configured by default
[NGSICKANSink.configure] -------------------------------------  OK  - 'ckan_viewer=recline_grid_view' configured by default
Tests run: 17, Failures: 0, Errors: 0, Skipped: 0, Time elapsed: 0.061 sec
Running com.telefonica.iot.cygnus.sinks.NGSIMongoBaseSinkTest
[NGSIMongoBaseSink.buildCollectionName] ----------------------------- When data model is by entity, a collection name length greater than 113 characters is detected
[NGSIMongoBaseSink.buildCollectionName] ----------------------  OK  - A collection name length greater than 113 characters has been detected
[NGSIMongoBaseSink.configure] --------------------------------------- Configured 'collection_prefix' is encoded when having forbidden characters
[NGSIMongoBaseSink.configure] --------------------------------  OK  - 'collection_prefix=this\is/a$prefix.with-forbidden,chars:-.' correctly encoded as 'this\isx002fax0024prefix.with-forbidden,chars:-.'
[NGSIMongoBaseSink.buildCollectionName] ----------------------------- When / service-path is notified/defaulted and data_model=dm-by-attribute, the MongoDB collections name is the concatenation of <prefix>, <service-path>, <entityId>, <entityType> and <attrName>
[NGSIMongoBaseSink.buildCollectionName] ----------------------  OK  - 'sth_x002fxffffsomeIdxffffsomeTypexffffsomeName' was created as collection name
[NGSIMongoBaseSink.configure] --------------------------------------- Configured 'collection_prefix' cannot be 'system.'
[NGSIMongoBaseSink.configure] --------------------------------  OK  - 'system.' value detected for 'collection_prefix'
[NGSIMongoBaseSink.buildCollectionName] ----------------------------- When data model is by service path, a collection name length greater than 113 characters is detected
[NGSIMongoBaseSink.buildCollectionName] ----------------------  OK  - A collection name length greater than 113 characters has been detected
[NGSIMongoBaseSink.buildCollectionName] ----------------------------- When / service-path is notified/defaulted and data_model=dm-by-entity, the MongoDBcollections name is the concatenation of the <prefix>, <service-path>, <entityId> and <entityType>
[NGSIMongoBaseSink.buildCollectionName] ----------------------  OK  - 'sth_x002fxffffsomeIdxffffsomeType' was created as collection name
[NGSIMongoBaseSink.configure] --------------------------------------- Configured 'collection_prefix' is encoded when having forbidden characters
[NGSIMongoBaseSink.configure] --------------------------------  OK  - 'collection_prefix=this\is/a$prefix.with-forbidden,chars:-.' correctly encoded as 'this\is/a_prefix.with-forbidden,chars:-.'
[NGSIMongoBaseSink.buildCollectionName] ----------------------------- When / service-path is notified/defaulted and data_model=dm-by-service-path, the MongoDB collection name is the concatenation of <prefix> and <service-path>
[NGSIMongoBaseSink.buildCollectionName] ----------------------  OK  - 'sth_x002f' was created as collection name
[NGSIMongoBaseSink.buildDbName] ------------------------------------- A database name length greater than 113 characters is detected
[NGSIMongoBaseSink.buildDbName] ------------------------------  OK  - A database name length greater than 113 characters has been detected
[NGSIMongoBaseSink.buildCollectionName] ----------------------------- When / service-path is notified/defaulted and data_model=dm-by-attribute, the MongoDB collections name is the concatenation of <prefix>, <service-path>, <entityId>, <entityType> and <attrName>
[NGSIMongoBaseSink.buildCollectionName] ----------------------  OK  - 'sth_/_someId_someType_someName' was created as collection name
[NGSIMongoBaseSink.configure] --------------------------------------- Configured 'db_prefix' is encoded when having forbidden characters
[NGSIMongoBaseSink.configure] --------------------------------  OK  - 'db_prefix=this\is/a$prefix.with forbidden"chars:-,' correctly encoded as 'thisx005cisx002fax0024prefixx002ewith forbiddenx0022chars:-,'
[NGSIMongoBaseSink.buildCollectionName] ----------------------------- When / service-path is notified/defaulted and data_model=dm-by-entity, the MongoDBcollections name is the concatenation of the <prefix>, <service-path>, <entityId> and <entityType>
[NGSIMongoBaseSink.buildCollectionName] ----------------------  OK  - 'sth_/_someId_someType' was created as collection name
[NGSIMongoBaseSink.buildCollectionName] ----------------------------- When / service-path is notified/defaulted and data_model=dm-by-service-path, the MongoDB collection name is the concatenation of <prefix> and <service-path>
[NGSIMongoBaseSink.buildCollectionName] ----------------------  OK  - 'sth_/' was created as collection name
[NGSIMongoBaseSink.configure] --------------------------------------- Configured 'db_prefix' is encoded when having forbidden characters
[NGSIMongoBaseSink.configure] --------------------------------  OK  - 'db_prefix=this\is/a$prefix.with forbidden"chars:-,' correctly encoded as 'this_is_a_prefix_with_forbidden_chars:-,'
[NGSIMongoBaseSink.buildCollectionName] ----------------------------- When data model is by atribute, a collection name length greater than 113 characters is detected
[NGSIMongoBaseSink.buildCollectionName] ----------------------  OK  - A collection name length greater than 113 characters has been detected
Tests run: 15, Failures: 0, Errors: 0, Skipped: 0, Time elapsed: 0.01 sec
Running com.telefonica.iot.cygnus.sinks.NGSISTHSinkTest
[NGSISTHSink.configure] --------------------------------------------- Non mandatory parameters get the default value when not configured
[NGSISTHSink.configure] --------------------------------------  OK  - 'resolutions' gets the default value when not configured
[NGSISTHSink.configure] --------------------------------------------- Non valid resolutions are detected
[NGSISTHSink.configure] --------------------------------------  OK  - Invalid resolution 'week' has been detected
[NGSISTHSink.configure] --------------------------------------------- Empty 'resolutions' means no persistence for any resolution
[NGSISTHSink.configure] --------------------------------------  OK  - Empty 'resolutions' detected
Tests run: 3, Failures: 0, Errors: 0, Skipped: 0, Time elapsed: 0.001 sec
Running com.telefonica.iot.cygnus.sinks.NGSIKafkaSinkTest
[NGSIKafkaSink.buildTopicName] -------------------------------------- When the root service-path is notified/defaulted and data_model=dm-by-attribute, the Kafka topic name is the concatenation of <service>, <service-path>, <entityId>, <entityType> and <attrName>
[NGSIKafkaSink.buildTopicName] -------------------------------  OK  - Created topic is equals to servicexffffx002fxffffentityIdxffffentityTypexffffattributeName
[NGSIKafkaSink.buildTopicName] -------------------------------------- When the root service-path is notified/defaulted and data_model=dm-by-entity, the Kafka topic name is the concatenation of <service>, <service-path>, <entityId> and <entityType>
[NGSIKafkaSink.buildTopicName] -------------------------------  OK  - Created topic is equals to servicexffffx002fxffffentityIdxffffentityType
[NGSIKafkaSink.buildTopicName] -------------------------------------- When a non root service-path is notified/defaulted and data_model=dm-by-service, the Kafka topic name is <service>
[NGSIKafkaSink.buildTopicName] -------------------------------  OK  - Created topic is equal to service
[NGSIKafkaSink.buildTopicName] -------------------------------------- When the root service-path is notified/defaulted and data_model=dm-by-service-path, the Kafka topic name is the concatenation of <service> and <service-path>
[NGSIKafkaSink.buildTopicName] -------------------------------  OK  - Created topic is equals to servicexffffx002f
[NGSIKafkaSink.buildTopicName] -------------------------------------- When a non root service-path is notified/defaulted and data_model=dm-by-entity, the Kafka topic name is the concatenation of <service>, <service-path>, <entityId> and <entityType>
[NGSIKafkaSink.buildTopicName] -------------------------------  OK  - Created topic is equals to servicexffffx002fservicePathxffffentityIdxffffentityType
[NGSIKafkaSink.buildTopicName] -------------------------------------- When a non root service-path is notified/defaulted and data_model=dm-by-service-path, the Kafka topic name is the concatenation of <service> and <service-path>
[NGSIKafkaSink.buildTopicName] -------------------------------  OK  - Created topic is equals to servicexffffx002fservicePath
[NGSIKafkaSink.buildTopicName] -------------------------------------- When a non root service-path is notified/defaulted and data_model=dm-by-attribute, the Kafka topic name is the concatenation of <service>, <service-path>, <entityId>, <entityType> and <attrName>
[NGSIKafkaSink.buildTopicName] -------------------------------  OK  - Created topic is equals to servicexffffx002fservicePathxffffentityIdxffffentityTypexffffattributeName
[NGSIKafkaSink.buildTopicName] -------------------------------------- When the root service-path is notified/defaulted and data_model=dm-by-service, the Kafka topic name is <service>
[NGSIKafkaSink.buildTopicName] -------------------------------  OK  - Created topic is equals to service
Tests run: 8, Failures: 0, Errors: 0, Skipped: 0, Time elapsed: 0.006 sec
Running com.telefonica.iot.cygnus.sinks.NGSIBatchTest
[NGSIBatch.addEvent] ------------------------------------------------ An event is added to an already existent subbatch
[NGSIBatch.addEvent] -----------------------------------------  OK  - The batch has subbatches
[NGSIBatch.addEvent] -----------------------------------------  OK  - The second event within the only subbatch is the secondly added one
[NGSIBatch.addEvent] ------------------------------------------------ An event is added to a not existent subbatch
[NGSIBatch.addEvent] -----------------------------------------  OK  - The batch has subbatches
[NGSIBatch.addEvent] -----------------------------------------  OK  - The event within the only subbatch is the added one
Tests run: 2, Failures: 0, Errors: 0, Skipped: 0, Time elapsed: 0.001 sec
Running com.telefonica.iot.cygnus.sinks.NGSIPostgreSQLSinkTest
[NGSIPostgreSQLSink.buildTableName] --------------------------------- When a root service-path is notified/defaulted and data_model is 'dm-by-service-path' the MySQL table name is the encoding of <service-path>
[NGSIPostgreSQLSink.buildTableName] --------------------------  OK  - 'x002f' is equals to the encoding of <service-path>
[NGSIPostgreSQLSink.buildTableName] --------------------------------- When a non root service-path is notified/defaulted and data_model is 'dm-by-service-path' the MySQL table name is the encoding of the concatenation of <service-path>, <entityId> and <entityType>
[NGSIPostgreSQLSink.buildTableName] --------------------------  OK  - 'x002fsomex0050athxffffsomex0049dxffffsomex0054ype' is equals to the encoding of <service-path>, <entityId> and <entityType>
[NGSIPostgreSQLSink.configure] -------------------------------------- attr_persistence can only be 'row' or 'column'
[NGSIPostgreSQLSink.configure] -------------------------------  OK  - 'attr_persistence=fila' was detected
[NGSIPostgreSQLSink.configure] -------------------------------------- cache can only be 'true' or 'false'
[NGSIPostgreSQLSink.configure] -------------------------------  OK  - 'enable_cache=falso' was detected
[NGSIPostgreSQLSink.buildTableName] --------------------------------- When a non root service-path is notified/defaulted and data_model is 'dm-by-service-path' the MySQL table name is the encoding of <service-path>
[NGSIPostgreSQLSink.buildTableName] --------------------------  OK  - 'somePath' is equals to the encoding of <service-path>
[NGSIPostgreSQLSink.buildTableName] --------------------------------- When a root service-path is notified/defaulted and data_model is 'dm-by-service-path' the MySQL table name is the encoding of the concatenation of <service-path>, <entityId> and <entityType>
[NGSIPostgreSQLSink.buildTableName] --------------------------  OK  - 'x002fxffffsomex0049dxffffsomex0054ype' is equals to the encoding of <service-path>
[NGSIPostgreSQLSink.buildTableName] --------------------------------- When a root service-path is notified/defaulted and data_model is 'dm-by-service-path' the MySQL table name cannot be built
[NGSIPostgreSQLSink.buildTableName] --------------------------  OK  - The root service path was detected as not valid
[NGSIPostgreSQLSink.buildTableName] --------------------------------- When a non root service-path is notified/defaulted and data_model is 'dm-by-service-path' the MySQL table name is the encoding of the concatenation of <service-path>, <entityId> and <entityType>
[NGSIPostgreSQLSink.buildTableName] --------------------------  OK  - 'somePath_someId_someType' is equals to the encoding of <service-path>, <entityId> and <entityType>
[NGSIPostgreSQLSink.configure] -------------------------------------- enable_grouping can only be 'true' or 'false'
[NGSIPostgreSQLSink.configure] -------------------------------  OK  - 'enable_grouping=falso' was detected
[NGSIPostgreSQLSink.buildTableName] --------------------------------- When a root service-path is notified/defaulted and data_model is 'dm-by-service-path' the MySQL table name is the encoding of the concatenation of <service-path>, <entityId> and <entityType>
[NGSIPostgreSQLSink.buildTableName] --------------------------  OK  - 'someId_someType' is equals to the encoding of <service-path>
[NGSIPostgreSQLSink.buildDBName] ------------------------------------ The schema name is equals to the encoding of the notified/defaulted service
[NGSIPostgreSQLSink.buildDBName] -----------------------------  OK  - 'somex0053ervice' is equals to the encoding of <service>
[NGSIPostgreSQLSink.configure] -------------------------------------- enable_lowercase can only be 'true' or 'false'
[NGSIPostgreSQLSink.configure] -------------------------------  OK  - 'enable_lowercase=falso' was detected
[NGSIPostgreSQLSink.configure] -------------------------------------- enable_encoding can only be 'true' or 'false'
[NGSIPostgreSQLSink.configure] -------------------------------  OK  - 'enable_encoding=falso' was detected
[NGSIPostgreSQLSink.buildSchemaName] -------------------------------- A schema name length greater than 63 characters is detected
[NGSIPostgreSQLSink.buildSchemaName] -------------------------  OK  - A schema name length greater than 63 characters has been detected
[NGSIPostgreSQLSink.buildTableName] --------------------------------- When data model is by atribute, a table name length greater than 63 characters is detected
[NGSIPostgreSQLSink.buildTableName] --------------------------  OK  - A table name length greater than 63 characters has been detected
[NGSIPostgreSQLSink.buildDBName] ------------------------------------ The schema name is equals to the encoding of the notified/defaulted service
[NGSIPostgreSQLSink.buildDBName] -----------------------------  OK  - 'someService' is equals to the encoding of <service>
[NGSIPostgreSQLSink.buildTableName] --------------------------------- When data model is by service path, a table name length greater than 63 characters is detected
[NGSIPostgreSQLSink.buildTableName] --------------------------  OK  - A table name length greater than 63 characters has been detected
[NGSIPostgreSQLSink.buildTableName] --------------------------------- When data model is by entity, a table name length greater than 63 characters is detected
[NGSIPostgreSQLSink.buildTableName] --------------------------  OK  - A table name length greater than 63 characters has been detected
[NGSIPostgreSQLSink.buildTableName] --------------------------------- When a non root service-path is notified/defaulted and data_model is 'dm-by-service-path' the MySQL table name is the encoding of <service-path>
[NGSIPostgreSQLSink.buildTableName] --------------------------  OK  - 'x002fsomex0050ath' is equals to the encoding of <service-path>
Tests run: 19, Failures: 0, Errors: 0, Skipped: 0, Time elapsed: 0.014 sec
Running com.telefonica.iot.cygnus.sinks.NGSISinkTest
[NGSISink.doRollback] ----------------------------------------------- When rollbacking for the first time, the accumulator is added to the rollbacked accumulations having the maximum TTL
[NGSISink.doRollback] ----------------------------------------  OK  - Rollbacked accumulation TTL has the maximum value
[NGSISink.doRollback] ----------------------------------------  OK  - The accumulation has been added to the rollback queue
[NGSISink.configure] ------------------------------------------------ When configured, non mandatory parameters get the appropiate value
[NGSISink.configure] -----------------------------------------  OK  - The configuration value for 'persistence_policy.max_records' is '5'
[NGSISink.configure] -----------------------------------------  OK  - The configuration value for 'persistence_policy.expiration_time' is '60'
[NGSISink.configure] -----------------------------------------  OK  - The configuration value for 'persistence_policy.checking_time' is '7200'
[NGSISink.Accumulator.accumulate] ----------------------------------- When data model is by service path and name mappings are enabled, a notification issuccessfully accumulated
[NGSISink.Accumulator.accumulate] ----------------------------  OK  - Notification successfully accumulated
[NGSISink.Accumulator.accumulate] ----------------------------  OK  - Accumulated events is 1
[NGSISink.Accumulator.accumulate] ----------------------------  OK  - Accumulated destination is 'new_vehicles_/new_4wheels'
[NGSISink.Accumulator.accumulate] ----------------------------  OK  - Accumulated event's service is 'new_vehicles'
[NGSISink.Accumulator.accumulate] ----------------------------  OK  - Accumulated event's service path is '/new_4wheels'
[NGSISink.getRollbackedAccumulationForRetry] ------------------------ When there is a candidate for retrying, it is returned
[NGSISink.getRollbackedAccumulationForRetry] -----------------  OK  - There is a candidate for retrying
[NGSISink.Accumulator.accumulate] ----------------------------------- When data model is by entity, a notification is successfully accumulated
[NGSISink.Accumulator.accumulate] ----------------------------  OK  - Notification successfully accumulated
[NGSISink.Accumulator.accumulate] ----------------------------  OK  - Accumulated events is 1
[NGSISink.Accumulator.accumulate] ----------------------------  OK  - Accumulated destination is 'vehicles_/4wheels_Room1_Room'
[NGSISink.Accumulator.accumulate] ----------------------------  OK  - Accumulated event's service is 'vehicles'
[NGSISink.Accumulator.accumulate] ----------------------------  OK  - Accumulated event's service path is '/4wheels'
[NGSISink.Accumulator.accumulate] ----------------------------  OK  - Accumulated event's entity path is 'Room1_Room'
[NGSISink.Accumulator.accumulate] ----------------------------------- When data model is by attribute, a notification is successfully accumulated
[NGSISink.Accumulator.accumulate] ----------------------------  OK  - Notification successfully accumulated
[NGSISink.Accumulator.accumulate] ----------------------------  OK  - Accumulated events is 1
[NGSISink.Accumulator.accumulate] ----------------------------  OK  - Accumulated destination is 'vehicles_/4wheels_Room1_Room_temperature'
[NGSISink.Accumulator.accumulate] ----------------------------  OK  - Accumulated event's service is 'vehicles'
[NGSISink.Accumulator.accumulate] ----------------------------  OK  - Accumulated event's service path is '/4wheels'
[NGSISink.Accumulator.accumulate] ----------------------------  OK  - Accumulated event's entity path is 'Room1_Room'
[NGSISink.Accumulator.accumulate] ----------------------------  OK  - Accumulated event's entity path is 'temperature'
[NGSISink.getRollbackedAccumulationForRetry] ------------------------ When there are no candidates for retrying, null is returned
[NGSISink.getRollbackedAccumulationForRetry] -----------------  OK  - There is no candidate for retrying having an empty list
[NGSISink.getRollbackedAccumulationForRetry] -----------------  OK  - There is no candidate for retrying having an empty list
[NGSISink.start] ---------------------------------------------------- The sink starts properly
SLF4J: Class path contains multiple SLF4J bindings.
SLF4J: Found binding in [jar:file:/home/stamp/.m2/repository/org/slf4j/slf4j-simple/1.7.21/slf4j-simple-1.7.21.jar!/org/slf4j/impl/StaticLoggerBinder.class]
SLF4J: Found binding in [jar:file:/home/stamp/Git/CityGo/fiware-cygnus/cygnus-ngsi/cygnus-common-1.8.0_SNAPSHOT-jar-with-dependencies.jar!/org/slf4j/impl/StaticLoggerBinder.class]
SLF4J: See http://www.slf4j.org/codes.html#multiple_bindings for an explanation.
SLF4J: Actual binding is of type [org.slf4j.impl.SimpleLoggerFactory]
[NGSISink.start] ---------------------------------------------  OK  - The sink started properly, the lifecycle state is 'START'
[NGSISink.configure] ------------------------------------------------ The configuration becomes invalid upon out-of-the-limits configured values for parameters having a discrete set of accepted values, or numerical values having upper or lower limits
[NGSISink.configure] -----------------------------------------  OK  - A wrong configuration 'batch_size='0' has been detected
[NGSISink.configure] -----------------------------------------  OK  - A wrong configuration 'batch_timeout='0' has been detected
[NGSISink.configure] -----------------------------------------  OK  - A wrong configuration 'batch_ttl='-2' has been detected
[NGSISink.configure] -----------------------------------------  OK  - A wrong configuration 'data_model='dm-by-other' has been detected
[NGSISink.configure] -----------------------------------------  OK  - A wrong configuration 'enable_grouping='falso' has been detected
[NGSISink.configure] -----------------------------------------  OK  - A wrong configuration 'enable_lowercase='verdadero' has been detected
[NGSISink.configure] -----------------------------------------  OK  - A wrong configuration 'enable_name_mappings='verdadero' has been detected
[NGSISink.configure] -----------------------------------------  OK  - A wrong configuration 'batch_retry_intervals='1000,2000,-3000' has been detected
[NGSISink.configure] -----------------------------------------  OK  - A wrong configuration 'persistence_policy.checking_time='-1000' has been detected
[NGSISink.Accumulator.accumulate] ----------------------------------- When data model is by service, a notification is successfully accumulated
[NGSISink.Accumulator.accumulate] ----------------------------  OK  - Correlator ID successfully accumulated
[NGSISink.Accumulator.accumulate] ----------------------------  OK  - Accumulated events is 1
[NGSISink.Accumulator.accumulate] ----------------------------  OK  - Accumulated destination is 'vehicles'
[NGSISink.Accumulator.accumulate] ----------------------------  OK  - Accumulated event's service is 'vehicles'
[NGSISink.Accumulator.accumulate] ----------------------------  OK  - Accumulated event's service path is '/4wheels'
[NGSISink.Accumulator.accumulate] ----------------------------------- When data model is by attribute and name mappings are enabled, a notification issuccessfully accumulated
[NGSISink.Accumulator.accumulate] ----------------------------  OK  - Notification successfully accumulated
[NGSISink.Accumulator.accumulate] ----------------------------  OK  - Accumulated events is 1
[NGSISink.Accumulator.accumulate] ----------------------------  OK  - Accumulated destination is 'new_vehicles_/new_4wheels_new_Room1_new_Room_new_temperature'
[NGSISink.Accumulator.accumulate] ----------------------------  OK  - Accumulated event's service is 'new_vehicles'
[NGSISink.Accumulator.accumulate] ----------------------------  OK  - Accumulated event's service path is '/new_4wheels'
[NGSISink.Accumulator.accumulate] ----------------------------  OK  - Accumulated event's entity path is 'new_Room1_new_Room'
[NGSISink.Accumulator.accumulate] ----------------------------  OK  - Accumulated event's entity path is 'new_temperature'
[NGSISink.doRollbackAgain] ------------------------------------------ When rollbacking after the first time, the accumulator is added to the rollbacked accumulations having a decreased TTL
[NGSISink.doRollback] ----------------------------------------  OK  - Rollbacked accumulation TTL has the maximum value
[NGSISink.doRollback] ----------------------------------------  OK  - The accumulation has been added to the rollback queue
[NGSISink.Accumulator.accumulate] ----------------------------------- When data model is by entity and name mappings are enabled, a notification issuccessfully accumulated
[NGSISink.Accumulator.accumulate] ----------------------------  OK  - Notification successfully accumulated
[NGSISink.Accumulator.accumulate] ----------------------------  OK  - Accumulated events is 1
[NGSISink.Accumulator.accumulate] ----------------------------  OK  - Accumulated destination is 'new_vehicles_/new_4wheels_new_Room1_new_Room'
[NGSISink.Accumulator.accumulate] ----------------------------  OK  - Accumulated event's service is 'new_vehicles'
[NGSISink.Accumulator.accumulate] ----------------------------  OK  - Accumulated event's service path is '/new_4wheels'
[NGSISink.Accumulator.accumulate] ----------------------------  OK  - Accumulated event's entity path is 'new_Room1_new_Room'
[NGSISink.Accumulator.accumulate] ----------------------------------- When data model is by service and name mappings are enabled, a notification issuccessfully accumulated
[NGSISink.Accumulator.accumulate] ----------------------------  OK  - Correlator ID successfully accumulated
[NGSISink.Accumulator.accumulate] ----------------------------  OK  - Accumulated events is 1
[NGSISink.Accumulator.accumulate] ----------------------------  OK  - Accumulated destination is 'new_vehicles'
[NGSISink.Accumulator.accumulate] ----------------------------  OK  - Accumulated event's service is 'new_vehicles'
[NGSISink.Accumulator.accumulate] ----------------------------  OK  - Accumulated event's service path is '/new_4wheels'
[NGSISink.configure] ------------------------------------------------ When not configured, the default values are used for non mandatory parameters
[NGSISink.configure] -----------------------------------------  OK  - The default configuration value for 'batch_retry_intervals' is '5000'
[NGSISink.configure] -----------------------------------------  OK  - The default configuration value for 'batch_size' is '1'
[NGSISink.configure] -----------------------------------------  OK  - The default configuration value for 'batch_timeout' is '30'
[NGSISink.configure] -----------------------------------------  OK  - The default configuration value for 'batch_ttl' is '10'
[NGSISink.configure] -----------------------------------------  OK  - The default configuration value for 'data_model' is 'dm-by-entity'
[NGSISink.configure] -----------------------------------------  OK  - The default configuration value for 'enable_grouping' is 'false'
[NGSISink.configure] -----------------------------------------  OK  - The default configuration value for 'enable_lowercase' is 'false'
[NGSISink.configure] -----------------------------------------  OK  - The default configuration value for 'enable_encoding' is 'false'
[NGSISink.configure] -----------------------------------------  OK  - The default configuration value for 'enable_name_mapping' is 'false'
[NGSISink.configure] -----------------------------------------  OK  - The default configuration value for 'persistence_poilicy.max_records' is '-1'
[NGSISink.configure] -----------------------------------------  OK  - The default configuration value for 'persistence_poilicy.expiration_time' is '-1'
[NGSISink.configure] -----------------------------------------  OK  - The default configuration value for 'persistence_poilicy.checking_time' is '3600000'
[NGSISink.Accumulator.accumulate] ----------------------------------- When data model is by service path, a notification is successfully accumulated
[NGSISink.Accumulator.accumulate] ----------------------------  OK  - Notification successfully accumulated
[NGSISink.Accumulator.accumulate] ----------------------------  OK  - Accumulated events is 1
[NGSISink.Accumulator.accumulate] ----------------------------  OK  - Accumulated destination is 'vehicles_/4wheels'
[NGSISink.Accumulator.accumulate] ----------------------------  OK  - Accumulated event's service is 'vehicles'
[NGSISink.Accumulator.accumulate] ----------------------------  OK  - Accumulated event's service path is '/4wheels'
Tests run: 16, Failures: 0, Errors: 0, Skipped: 0, Time elapsed: 0.039 sec
Running com.telefonica.iot.cygnus.sinks.NGSIHDFSSinkTest
[NGSIHDFSSinkTest.buildFilePath] ------------------------------------ When no encoding and when a root service-path is notified/defaulted the HDFS file path is the encoding of <service>/<entity>/<entity>.txt
[NGSIHDFSSinkTest.buildFilePath] -----------------------------  OK  - 'someService/someId_someType/someId_someType.txt' is equals to <service>/<entity>/<entity>.txt
[NGSIHDFSSink.buildFolderPath] -------------------------------------- A folder path length greater than 255 characters is detected
[NGSIHDFSSink.buildFolderPath] -------------------------------  OK  - A folder path length greater than 255 characters has been detected
[NGSIHDFSSinkTest.configure] ---------------------------------------- backend.max_conns_per_route gets the configured value
[NGSIHDFSSinkTest.configure] ---------------------------------  OK  - 'backend.max_conns_per_route=3' was configured
[NGSIHDFSSinkTest.buildFilePath] ------------------------------------ When encoding and when a non root service-path is notified/defaulted the HDFS file path is the encoding of <service>/<service-path>/<entity>/<entity>.txt
[NGSIHDFSSinkTest.buildFilePath] -----------------------------  OK  - 'someService/somePath/someIdxffffsomeType/someIdxffffsomeType.txt' is equals to the encoding of <service>/<service-path>/<entity>/<entity>.txt
[NGSIHDFSSinkTest.configure] ---------------------------------------- file_format can only be 'json-row', 'json-column', 'csv-row' or 'csv-column'
[NGSIHDFSSinkTest.configure] ---------------------------------  OK  - 'file_format=fila' was detected
[NGSIHDFSSink.buildFilePath] ---------------------------------------- A file path length greater than 255 characters is detected
[NGSIHDFSSink.buildFilePath] ---------------------------------  OK  - A file path length greater than 255 characters has been detected
[NGSIHDFSSinkTest.buildFilePath] ------------------------------------ When no encoding and when a non root service-path is notified/defaulted the HDFS file path is the encoding of <service>/<service-path>/<entity>/<entity>.txt
[NGSIHDFSSinkTest.buildFilePath] -----------------------------  OK  - 'someService/somePath/someId_someType/someId_someType.txt' is equals to <service>/<service-path>/<entity>/<entity>.txt
[NGSIHDFSSinkTest.buildFolderPath] ---------------------------------- When no encoding and when a non root service-path is notified/defaulted the HDFS folder path is the encoding of <service>/<service-path>/<entity>
[NGSIHDFSSinkTest.buildFolderPath] ---------------------------  OK  - 'someService/somePath/someId_someType' is equals to <service>/<service-path>/<entity>
[NGSIHDFSSinkTest.configure] ---------------------------------------- enable_lowercase can only be 'true' or 'false'
[NGSIHDFSSinkTest.configure] ---------------------------------  OK  - 'enable_lowercase=falso' was detected
[NGSIHDFSSinkTest.buildFolderPath] ---------------------------------- When encoding and when a root service-path is notified/defaulted the HDFS folder path is the encoding of <service>/<entity>
[NGSIHDFSSinkTest.buildFolderPath] ---------------------------  OK  - 'someService/someIdxffffsomeType' is equals to the encoding of <service>/<entity>
[NGSIHDFSSinkTest.buildFilePath] ------------------------------------ When encoding and when a root service-path is notified/defaulted the HDFS file path is the encoding of <service>/<entity>/<entity>.txt
[NGSIHDFSSinkTest.buildFilePath] -----------------------------  OK  - 'someService/someIdxffffsomeType/someIdxffffsomeType.txt' is equals to the encoding of <service>/<entity>/<entity>.txt
[NGSIHDFSSinkTest.configure] ---------------------------------------- enable_encoding can only be 'true' or 'false'
[NGSIHDFSSinkTest.configure] ---------------------------------  OK  - 'enable_encoding=falso' was detected
[NGSIHDFSSinkTest.buildFolderPath] ---------------------------------- When no encoding and when a root service-path is notified/defaulted the HDFS folder path is the encoding of <service>/<entity>
[NGSIHDFSSinkTest.buildFolderPath] ---------------------------  OK  - 'someService/someId_someType' is equals to the encoding of <service>/<entity>
[NGSIHDFSSinkTest.configure] ---------------------------------------- backend.max_conns gets the configured value
[NGSIHDFSSinkTest.configure] ---------------------------------  OK  - 'backend.max_conns=25' was configured
[NGSIHDFSSinkTest.buildFolderPath] ---------------------------------- When encoding and when a non root service-path is notified/defaulted the HDFS folder path is the encoding of <service>/<service-path>/<entity>
[NGSIHDFSSinkTest.buildFolderPath] ---------------------------  OK  - 'someService/somePath/someIdxffffsomeType' is equals to the encoding of <service>/<service-path>/<entity>
[NGSIHDFSSinkTest.configure] ---------------------------------------- backend.impl can only be 'rest' or 'binary'
[NGSIHDFSSinkTest.configure] ---------------------------------  OK  - 'backend_impl=api' was detected
[NGSIHDFSSink.configure] -------------------------------------------- When not configured, not mandatory parameters get default values
[NGSIHDFSSink.configure] -------------------------------------  OK  - 'backend.impl=rest' configured by default
[NGSIHDFSSink.configure] -------------------------------------  OK  - 'backend.max_conns=500' configured by default
[NGSIHDFSSink.configure] -------------------------------------  OK  - 'backend.max_conns_per_route=100' configured by default
[NGSIHDFSSink.configure] -------------------------------------  OK  - 'batch_size=1' configured by default
[NGSIHDFSSink.configure] -------------------------------------  OK  - 'batch_timeout=30' configured by default
[NGSIHDFSSink.configure] -------------------------------------  OK  - 'batch_ttl=30' configured by default
[NGSIHDFSSink.configure] -------------------------------------  OK  - 'csv_separator=,' configured by default
[NGSIHDFSSink.configure] -------------------------------------  OK  - 'data_model=dm-by-entity' configured by default
[NGSIHDFSSink.configure] -------------------------------------  OK  - 'enable_encoding=false' configured by default
[NGSIHDFSSink.configure] -------------------------------------  OK  - 'enable_grouping=false' configured by default
[NGSIHDFSSink.configure] -------------------------------------  OK  - 'enable_lowercase=false' configured by default
[NGSIHDFSSink.configure] -------------------------------------  OK  - 'file_format=json-row' configured by default
[NGSIHDFSSink.configure] -------------------------------------  OK  - 'hdfs_host=localhost' configured by default
[NGSIHDFSSink.configure] -------------------------------------  OK  - 'hdfs_port=14000' configured by default
[NGSIHDFSSink.configure] -------------------------------------  OK  - 'enable_hive=false' configured by default
[NGSIHDFSSink.configure] -------------------------------------  OK  - 'enable_krb5=false' configured by default
[NGSIHDFSSink.configure] -------------------------------------  OK  - 'service_as_namespace=false' configured by default
Tests run: 17, Failures: 0, Errors: 0, Skipped: 0, Time elapsed: 0.017 sec
Running com.telefonica.iot.cygnus.sinks.NGSIMySQLSinkTest
[NGSIMySQLSink.buildTableName] -------------------------------------- When no encoding and when a non root service-path is notified/defaulted and data_model is 'dm-by-service-path' the MySQL table name is the encoding of the concatenation of <service-path>, <entityId> and <entityType>
[NGSIMySQLSink.buildTableName] -------------------------------  OK  - 'somePath_someId_someType' is equals to the encoding of <service-path>, <entityId> and <entityType>
[NGSIMySQLSink.buildTableName] -------------------------------------- When encoding and when a root service-path is notified/defaulted and data_model is 'dm-by-service-path' the MySQL table name is the encoding of <service-path>
[NGSIMySQLSink.buildTableName] -------------------------------  OK  - 'x002f' is equals to the encoding of <service-path>
[NGSIMySQLSink.buildTableName] -------------------------------------- When encoding and when a root service-path is notified/defaulted and data_model is 'dm-by-service-path' the MySQL table name is the encoding of the concatenation of <service-path>, <entityId> and <entityType>
[NGSIMySQLSink.buildTableName] -------------------------------  OK  - 'x002fxffffsomeIdxffffsomeType' is equals to the encoding of <service-path>
[NGSIMySQLSink.configure] ------------------------------------------- attr_persistence can only be 'row' or 'column'
[NGSIMySQLSink.configure] ------------------------------------  OK  - 'attr_persistence=fila' was detected
[NGSIMySQLSink.buildDBName] ----------------------------------------- When encoding, the DB name is equals to the encoding of the notified/defaulted service
[NGSIMySQLSink.buildDBName] ----------------------------------  OK  - 'someService' is equals to the encoding of <service>
[NGSIMySQLSink.buildTableName] -------------------------------------- When no encoding and when a root service-path is notified/defaulted and data_model is 'dm-by-service-path' the MySQL table name is the encoding of the concatenation of <service-path>, <entityId> and <entityType>
[NGSIMySQLSink.buildTableName] -------------------------------  OK  - 'someId_someType' is equals to the encoding of <service-path>
[NGSIMySQLSink.buildTableName] -------------------------------------- When encoding and when a non root service-path is notified/defaulted and data_model is 'dm-by-service-path' the MySQL table name is the encoding of <service-path>
[NGSIMySQLSink.buildTableName] -------------------------------  OK  - 'x002fsomePath' is equals to the encoding of <service-path>
[NGSIMySQLSink.configure] ------------------------------------------- enable_grouping can only be 'true' or 'false'
[NGSIMySQLSink.configure] ------------------------------------  OK  - 'enable_grouping=falso' was detected
[NGSIMySQLSink.buildDBName] ----------------------------------------- When no encoding, the DB name is equals to the encoding of the notified/defaulted service
[NGSIMySQLSink.buildDBName] ----------------------------------  OK  - 'someService' is equals to the encoding of <service>
[NGSIMySQLSink.buildDbName] ----------------------------------------- A database name length greater than 64 characters is detected
[NGSIMySQLSink.buildDbName] ----------------------------------  OK  - A database name length greater than 64 characters has been detected
[NGSIMySQLSink.configure] ------------------------------------------- enable_lowercase can only be 'true' or 'false'
[NGSIMySQLSink.configure] ------------------------------------  OK  - 'enable_lowercase=falso' was detected
[NGSIMySQLSink.buildTableName] -------------------------------------- When no encoding and when a root service-path is notified/defaulted and data_model is 'dm-by-service-path' the MySQL table name is the encoding of <service-path>
[NGSIMySQLSink.buildTableName] -------------------------------  OK  - The table name was not built when data_model='dm-by-service-path' and using the root service path
[NGSIMySQLSink.configure] ------------------------------------------- enable_encoding can only be 'true' or 'false'
[NGSIMySQLSink.configure] ------------------------------------  OK  - 'enable_encoding=falso' was detected
[NGSIMySQLSink.buildTableName] -------------------------------------- When data model is by atribute, a table name length greater than 64 characters is detected
[NGSIMySQLSink.buildTableName] -------------------------------  OK  - A table name length greater than 64 characters has been detected
[NGSIMySQLSink.buildTableName] -------------------------------------- When no encoding and when a non root service-path is notified/defaulted and data_model is 'dm-by-service-path' the MySQL table name is the encoding of <service-path>
[NGSIMySQLSink.buildTableName] -------------------------------  OK  - 'somePath' is equals to the encoding of <service-path>
[NGSIMySQLSink.buildTableName] -------------------------------------- When data model is by service path, a table name length greater than 64 characters is detected
[NGSIMySQLSink.buildTableName] -------------------------------  OK  - A table name length greater than 64 characters has been detected
[NGSIMySQLSink.buildTableName] -------------------------------------- When data model is by entity, a table name length greater than 64 characters is detected
[NGSIMySQLSink.buildTableName] -------------------------------  OK  - A table name length greater than 64 characters has been detected
[NGSIMySQLSink.buildTableName] -------------------------------------- When encoding and when a non root service-path is notified/defaulted and data_model is 'dm-by-service-path' the MySQL table name is the encoding of the concatenation of <service-path>, <entityId> and <entityType>
[NGSIMySQLSink.buildTableName] -------------------------------  OK  - 'x002fsomePathxffffsomeIdxffffsomeType' is equals to the encoding of <service-path>, <entityId> and <entityType>
Tests run: 18, Failures: 0, Errors: 0, Skipped: 0, Time elapsed: 0.011 sec
Running com.telefonica.iot.cygnus.sinks.NGSIDynamoDBSinkTest
[NGSIDynamoDBSink.configure] ---------------------------------------- When not configured, not mandatory parameters get default values
[NGSIDynamoDBSink.configure] ---------------------------------  OK  - 'attr_persistence=row' configured by default
[NGSIDynamoDBSink.configure] ---------------------------------  OK  - 'batch_size=1' configured by default
[NGSIDynamoDBSink.configure] ---------------------------------  OK  - 'batch_timeout=30' configured by default
[NGSIDynamoDBSink.configure] ---------------------------------  OK  - 'batch_ttl=30' configured by default
[NGSIDynamoDBSink.configure] ---------------------------------  OK  - 'data_model=dm-by-entity' configured by default
[NGSIDynamoDBSink.configure] ---------------------------------  OK  - 'enable_encoding=true' configured by default
[NGSIDynamoDBSink.configure] ---------------------------------  OK  - 'enable_grouping=false' configured by default
[NGSIDynamoDBSink.configure] ---------------------------------  OK  - 'enable_lowercase=false' configured by default
[NGSIDynamoDBSink.configure] ---------------------------------  OK  - 'region=eu-west-1' configured by default
Tests run: 1, Failures: 0, Errors: 0, Skipped: 0, Time elapsed: 0.003 sec
Running com.telefonica.iot.cygnus.sinks.NGSICartoDBSinkTest
[NGSICartoDBSink.buildTableName] ------------------------------------ When a non root service-path is notified/defaulted and data_model is 'dm-by-service-path' the CartoDB table name is the encoding of <service-path>
[NGSICartoDBSink.buildTableName] -----------------------------  OK  - 'x002fsomex0050ath' is equals to the encoding of <service-path>
[NGSICartoDBSink.configure] ----------------------------------------- Configured 'swap_coordinates' cannot be different than 'true' or 'false'
[NGSICartoDBSink.configure] ----------------------------------  OK  - 'swap_coordinates=falso' was detected
[NGSICartoDBSink.configure] ----------------------------------------- backend.max_conns_per_route gets the configured value
[NGSICartoDBSink.configure] ----------------------------------  OK  - 'backend.max_conns_per_route=3' was configured
[NGSICartoDBSink.configure] ----------------------------------------- Configured 'enable_raw_snapshot' cannot be different than 'true' or 'false'
[NGSICartoDBSink.configure] ----------------------------------  OK  - 'enable_raw_snapshot=falso' was detected
[CartoDBAggregator.initialize] -------------------------------------- When initializing through an initial geolocated event, a table name is created
[CartoDBAggregator.initialize] -------------------------------  OK  - A table name has been created
[NGSICartoDBSink.start] --------------------------------------------- Username field must appear within an entry in the keys file
[NGSICartoDBSink.start] --------------------------------------  OK  - Null username has been detected
[NGSICartoDBSink.start] --------------------------------------------- Username within an entry in the keys file cannot be empty
[NGSICartoDBSink.start] --------------------------------------  OK  - Empty username has been detected
[NGSICartoDBSink.start] --------------------------------------------- Endpoint within an entry in the keys file cannot be empty
[NGSICartoDBSink.start] --------------------------------------  OK  - Empty endpoint has been detected
[NGSICartoDBSink.configure] ----------------------------------------- Only enable_distance configuration works
[NGSICartoDBSink.configure] ----------------------------------  OK  - Only 'enable_distance' was configured and worked
[NGSICartoDBSink.configure] ----------------------------------------- When enable_distance and enable_distance_historic are configured, the second one value is used
[NGSICartoDBSink.configure] ----------------------------------  OK  - Both 'enable_distance' and 'enable_distance_historic' where configured, but 'enable_distance_historic' value is used
[CartoDBAggregator.aggregate] --------------------------------------- When aggregating a single geolocated event, the aggregation values string starts with '(' and finishes with ')'
[CartoDBAggregator.aggregate] --------------------------------  OK  - '('2016-04-20T07:19:55.801Z','somePath','someId','someType',ST_SetSRID(ST_MakePoint(-3.7167,40.3833), 4326),'someValue2','[]')' starts with '('
[CartoDBAggregator.aggregate] --------------------------------  OK  - '('2016-04-20T07:19:55.801Z','somePath','someId','someType',ST_SetSRID(ST_MakePoint(-3.7167,40.3833), 4326),'someValue2','[]')' ends with ')'
[CartoDBAggregator.initialize] -------------------------------------- When initializing through an initial geolocated event, the aggregation fields string is lower case, starts with '(' and finishes with ')'
[CartoDBAggregator.initialize] -------------------------------  OK  - '(recvtime,fiwareservicepath,entityid,entitytype,the_geom,somename2,somename2_md)' is lower case
[CartoDBAggregator.initialize] -------------------------------  OK  - '(recvtime,fiwareservicepath,entityid,entitytype,the_geom,somename2,somename2_md)' starts with '('
[CartoDBAggregator.initialize] -------------------------------  OK  - '(recvtime,fiwareservicepath,entityid,entitytype,the_geom,somename2,somename2_md)' ends with ')'
[NGSICartoDBSink.start] --------------------------------------------- When started, a CartoDB backend is created from a valid keys file
[NGSICartoDBSink.start] --------------------------------------  OK  - A CartoDB backend has been created
[NGSICartoDBSink.start] --------------------------------------------- Key within an entry in the keys file cannot be empty
[NGSICartoDBSink.start] --------------------------------------  OK  - Empty key has been detected
[NGSICartoDBSink.configure] ----------------------------------------- Only enable_raw configuration works
[NGSICartoDBSink.configure] ----------------------------------  OK  - Only 'enable_raw' was configured and worked
[NGSICartoDBSink.start] --------------------------------------------- Key field must appear within an entry in the keys file
[NGSICartoDBSink.start] --------------------------------------  OK  - Null key has been detected
[NGSICartoDBSink.buildTableName] ------------------------------------ When a root service-path is notified/defaulted and data_model is 'dm-by-service-path' the CartoDB table name is x002f
[NGSICartoDBSink.buildTableName] -----------------------------  OK  - 'x002f' is equals to x002f
[CartoDBAggregator.aggregate] --------------------------------------- When aggregating a single geolocated event, if swap_coordinates=true then the_geom field contains a point with exchanged latitude and longitude.
[CartoDBAggregator.aggregate] --------------------------------  OK  - '('2016-04-20T07:19:55.801Z','somePath','someId','someType',ST_SetSRID(ST_MakePoint(40.3833,-3.7167), 4326),'someValue2','[]')' contains the coordinates '-3.7167, 40.3833' swapped
[NGSICartoDBSink.configure] ----------------------------------------- Independently of the configured value, enable_lowercase is always 'true' by default
[NGSICartoDBSink.configure] ----------------------------------  OK  - 'enable_lowercase=false' was configured, nevertheless it is always true by default
[NGSICartoDBSink.configure] ----------------------------------------- When enable_raw and enable_raw_historic are configured, the second one value is used
[NGSICartoDBSink.configure] ----------------------------------  OK  - Both 'enable_raw' and 'enable_raw_historic' where configured, but 'enable_raw_historic' value is used
[CartoDBAggregator.aggregate] --------------------------------------- When aggregating a single geolocated event, the aggregation values string contains a value and a metadata value for each attribute in the event except for the geolocation attribute, which is added as a specific value (a point)
[CartoDBAggregator.initialize] -------------------------------  OK  - '-3.7167, 40.3833' and '{"name":"location","type":"string","value":"WGS84"}' are not in the rows '('2016-04-20T07:19:55.801Z','somePath','someId','someType',ST_SetSRID(ST_MakePoint(-3.7167,40.3833), 4326),'someValue2','[]')'
[CartoDBAggregator.initialize] -------------------------------  OK  - 'someValue2' and '[]' are in the rows '('2016-04-20T07:19:55.801Z','somePath','someId','someType',ST_SetSRID(ST_MakePoint(-3.7167,40.3833), 4326),'someValue2','[]')'
[CartoDBAggregator.initialize] -------------------------------  OK  - 'ST_SetSRID(ST_MakePoint(-3.7167, 40.3833), 4326)' is in the rows '('2016-04-20T07:19:55.801Z','somePath','someId','someType',ST_SetSRID(ST_MakePoint(-3.7167,40.3833), 4326),'someValue2','[]')'
[NGSICartoDBSink.start] --------------------------------------------- Endpoint field must appear within an entry in the keys file
[NGSICartoDBSink.start] --------------------------------------  OK  - Null endpoint has been detected
[NGSICartoDBSink.configure] ----------------------------------------- Configured 'keys_conf_file' cannot be empty
[NGSICartoDBSink.configure] ----------------------------------  OK  - Empty 'keys_conf_file' was detected
[CartoDBAggregator.initialize] -------------------------------------- When initializing through an initial geolocated event, the aggregation fields string contains a field and a metadata field for each attribute in the event except for the geolocation attribute, which is added as a specific field ('the_geom')
[CartoDBAggregator.initialize] -------------------------------  OK  - 'somename1' and 'somename1_md' are not in the fields '(recvtime,fiwareservicepath,entityid,entitytype,the_geom,somename2,somename2_md)'
[CartoDBAggregator.initialize] -------------------------------  OK  - 'somename2' and 'somename2_md' are in the fields '(recvtime,fiwareservicepath,entityid,entitytype,the_geom,somename2,somename2_md)'
[CartoDBAggregator.initialize] -------------------------------  OK  - 'the_geom' is in the fields '(recvtime,fiwareservicepath,entityid,entitytype,the_geom,somename2,somename2_md)'
[NGSICartoDBSink.buildSchemaName] ----------------------------------- The schema name is equals to the encoding of the notified/defaulted service
[NGSICartoDBSink.buildSchemaName] ----------------------------  OK  - 'somex0053ervice' is equals to the encoding of <service>
[NGSICartoDBSink.buildTableName] ------------------------------------ When a non service-path is notified/defaulted and data_model is 'dm-by-entity' the CartoDB table name is the encoding of the concatenation of <service-path>, <entityId> and<entityType>
[NGSICartoDBSink.buildTableName] -----------------------------  OK  - 'x002fxffffsomex0049dxffffsomex0054ype' is equals to the encoding of the concatenation of <service-path>, <entityId> and <entityType>
[NGSICartoDBSink.buildTableName] ------------------------------------ When data model is by atribute, a table name length greater than 63 characters is detected
[NGSICartoDBSink.buildTableName] -----------------------------  OK  - A table name length greater than 63 characters has been detected
[NGSICartoDBSink.configure] ----------------------------------------- Configured 'enable_raw' cannot be different than 'true' or 'false'
[NGSICartoDBSink.configure] ----------------------------------  OK  - 'enable_raw=falso' was detected
[NGSICartoDBSink.buildTableName] ------------------------------------ When a non root service-path is notified/defaulted and data_model is 'dm-by-entity' the CartoDB table name is the lower case of x002f<servicePath>xffff<entityId>xffff<entityType>
[NGSICartoDBSink.buildTableName] -----------------------------  OK  - 'x002fsomex0050athxffffsomex0049dxffffsomex0054ype' is equals to the lower case of x002f<servicePath>xffff<entityId>xffff<entityType>
[NGSICartoDBSink.buildTableName] ------------------------------------ When data model is by service path, a table name length greater than 63 characters is detected
[NGSICartoDBSink.buildTableName] -----------------------------  OK  - A table name length greater than 63 characters has been detected
[NGSICartoDBSink.buildTableName] ------------------------------------ When data model is by entity, a table name length greater than 63 characters is detected
[NGSICartoDBSink.buildTableName] -----------------------------  OK  - A table name length greater than 63 characters has been detected
[NGSICartoDBSink.configure] ----------------------------------------- Configured 'enable_distance' cannot be different than 'true' or 'false'
[NGSICartoDBSink.configure] ----------------------------------  OK  - 'enable_distance=falso' was detected
[NGSICartoDBSink.configure] ----------------------------------------- backend.max_conns gets the configured value
[NGSICartoDBSink.configure] ----------------------------------  OK  - 'backend.max_conns=25' was configured
[NGSICartoDBSink.start] --------------------------------------------- Endpoint within an entry in the keys file must be a URI using the http or https schema
[NGSICartoDBSink.start] --------------------------------------  OK  - Invalid 'htt' schema in the endpoint has been detected
[NGSICartoDBSink.configure] ----------------------------------------- Configured `data_model` cannot be different than `dm-by-service-path` or `dm-by-entity`
[NGSICartoDBSink.configure] ----------------------------------  OK  - 'data_model=dm-by-service' was detected
[NGSICartoDBSink.configure] ----------------------------------  OK  - 'data_model=dm-by-attribute' was detected
[NGSICartoDBSink.configure] ----------------------------------------- When not configured, not mandatory parameters get default values
[NGSICartoDBSink.configure] ----------------------------------  OK  - 'backend.max_conns=500' configured by default
[NGSICartoDBSink.configure] ----------------------------------  OK  - 'backend.max_conns_per_route=100' configured by default
[NGSICartoDBSink.configure] ----------------------------------  OK  - 'batch_size=1' configured by default
[NGSICartoDBSink.configure] ----------------------------------  OK  - 'batch_timeout=30' configured by default
[NGSICartoDBSink.configure] ----------------------------------  OK  - 'batch_ttl=30' configured by default
[NGSICartoDBSink.configure] ----------------------------------  OK  - 'data_model=dm-by-entity' configured by default
[NGSICartoDBSink.configure] ----------------------------------  OK  - 'enable_grouping=false' configured by default
[NGSICartoDBSink.configure] ----------------------------------  OK  - 'enable_lowercase=true' configured by default
[NGSICartoDBSink.configure] ----------------------------------  OK  - 'enable_raw=true' configured by default
[NGSICartoDBSink.configure] ----------------------------------  OK  - 'enable_raw_snapshot=false' configured by default
[NGSICartoDBSink.configure] ----------------------------------  OK  - 'enable_distance=false' configured by default
Tests run: 36, Failures: 0, Errors: 0, Skipped: 0, Time elapsed: 0.332 sec
Running com.telefonica.iot.cygnus.utils.NGSICharsetsTest
[NGSICharsets.encodeHDFS] ------------------------------------------- Numbers are not encoded
[NGSICharsets.encodeHDFS] ------------------------------------  OK  - '0123456789' has not been encoded
[NGSICharsets.encodeHDFS] ------------------------------------------- Rare characters are not encoded
[NGSICharsets.encodeHDFS] ------------------------------------  OK  - 'ÁÉÍÓÚáéíóúÑñÇç!"#$%&'()*+,.-_:;<>?@[\]^`{|}~' has not been encoded
[NGSICharsets.encodePostgreSQL] ------------------------------------- Underscore is not encoded
[NGSICharsets.encodePostgreSQL] ------------------------------  OK  - '_' has not been encoded
[NGSICharsets.encodeMongoDBDatabase] -------------------------------- Forbidden characters are encoded
[NGSICharsets.encodeMongoDBDatabase] -------------------------  OK  - '/\."$' has been encoded as 'x002fx005cx002ex0022x0024'
[NGSICharsets.encodeDynamoDB] --------------------------------------- Numbers are not encoded
[NGSICharsets.encodeDynamoDB] --------------------------------  OK  - '0123456789' has not been encoded
[NGSICharsets.encodeDynamoDB] --------------------------------------- Non lower case alphanumerics and underscore are encoded
[NGSICharsets.encodeDynamoDB] --------------------------------  OK  - 'ÁÉÍÓÚáéíóúÑñÇç' has been encoded
[NGSICharsets.encodeDynamoDB] --------------------------------  OK  - '!"#$%&'()*+,/' has been encoded
[NGSICharsets.encodeDynamoDB] --------------------------------  OK  - ':;<>?@' has been encoded
[NGSICharsets.encodeDynamoDB] --------------------------------  OK  - '[\]^`' has been encoded
[NGSICharsets.encodeDynamoDB] --------------------------------  OK  - '{|}~' has been encoded
[NGSICharsets.encodeKafka] ------------------------------------------ A single 'x' is not encoded
[NGSICharsets.encodeKafka] -----------------------------------  OK  - 'x' has not been encoded
[NGSICharsets.encodeMongoDBDatabase] -------------------------------- Upper case not accented characters are encoded
[NGSICharsets.encodeMongoDBDatabase] -------------------------  OK  - 'ABCDEFGHIJKLMNOPQRSTUVWXYZ' has been encoded as 'x0041x0042x0043x0044x0045x0046x0047x0048x0049x004ax004bx004cx004dx004ex004fx0050x0051x0052x0053x0054x0055x0056x0057x0058x0059x005a'
[NGSICharsets.encodePostgreSQL] ------------------------------------- "xffff" is encoded (escaped) as "xxffff"
[NGSICharsets.encodePostgreSQL] ------------------------------  OK  - 'xffff' has been encoded as 'xxffff'
[NGSICharsets.encodeMongoDBDatabase] -------------------------------- Lower case not accented characters are not encoded
[NGSICharsets.encodeMongoDBDatabase] -------------------------  OK  - 'abcdefghijklmnopqrstuvwyz' has not been encoded
[NGSICharsets.encodeMySQL] ------------------------------------------ Underscore is not encoded
[NGSICharsets.encodeMySQL] -----------------------------------  OK  - '_' has not been encoded
[NGSICharsets.encodeDynamoDB] --------------------------------------- "xffff" is encoded (escaped) as "xxffff"
[NGSICharsets.encodeDynamoDB] --------------------------------  OK  - 'xffff' has been encoded as 'xxffff'
[NGSICharsets.encodeCKAN] ------------------------------------------- Lower case not accented characters are not encoded
[NGSICharsets.encodeCKAN] ------------------------------------  OK  - 'abcdefghijklmnopqrstuvwyz' has not been encoded
[NGSICharsets.encodeMongoDBCollection] ------------------------------ Numbers are not encoded
[NGSICharsets.encodeMongoDBCollection] -----------------------  OK  - '0123456789' has not been encoded
[NGSICharsets.encodeMongoDBCollection] ------------------------------ Rare characters are not encoded
[NGSICharsets.encodeMongoDBCollection] -----------------------  OK  - 'ÁÉÍÓÚáéíóúÑñÇç!#%&'()*+.,-_:;<>?@[\]^`{|}~' has not been encoded
[NGSICharsets.encodeKafka] ------------------------------------------ Lower case not accented characters are not encoded
[NGSICharsets.encodeKafka] -----------------------------------  OK  - 'abcdefghijklmnopqrstuvwyz' has not been encoded
[NGSICharsets.encodeMongoDBDatabase] -------------------------------- A single 'x' is not encoded
[NGSICharsets.encodeMongoDBDatabase] -------------------------  OK  - 'x' has not been encoded
[NGSICharsets.encodePostgreSQL] ------------------------------------- '=' (internal concatenator) is encoded as "xffff" (public concatenator)
[NGSICharsets.encodePostgreSQL] ------------------------------  OK  - '=' has been encoded as 'xffff'
[NGSICharsets.encodeMongoDBDatabase] -------------------------------- "xffff" is encoded (escaped) as "xxffff"
[NGSICharsets.encodeMongoDBDatabase] -------------------------  OK  - 'xffff' has been encoded as 'xxffff'
[NGSICharsets.encodeDynamoDB] --------------------------------------- Underscore is not encoded
[NGSICharsets.encodeDynamoDB] --------------------------------  OK  - '_' has not been encoded
[NGSICharsets.encodeKafka] ------------------------------------------ Numbers are not encoded
[NGSICharsets.encodeKafka] -----------------------------------  OK  - '0123456789' has not been encoded
[NGSICharsets.encodeCKAN] ------------------------------------------- "xffff" is encoded (escaped) as "xxffff"
[NGSICharsets.encodeCKAN] ------------------------------------  OK  - 'xffff' has been encoded as 'xxffff'
[NGSICharsets.encodeKafka] ------------------------------------------ "xffff" is encoded (escaped) as "xxffff"
[NGSICharsets.encodeKafka] -----------------------------------  OK  - 'xffff' has been encoded as 'xxffff'
[NGSICharsets.encodeHDFS] ------------------------------------------- Lower case not accented characters are not encoded
[NGSICharsets.encodeHDFS] ------------------------------------  OK  - 'abcdefghijklmnopqrstuvwyz' has not been encoded
[NGSICharsets.encodeMongoDBCollection] ------------------------------ '=' (internal concatenator) is encoded as "xffff" (public concatenator)
[NGSICharsets.encodeMongoDBCollection] -----------------------  OK  - '=' has been encoded as 'xffff'
[NGSICharsets.encodePostgreSQL] ------------------------------------- Lower case not accented characters are not encoded
[NGSICharsets.encodePostgreSQL] ------------------------------  OK  - 'abcdefghijklmnopqrstuvwyz' has not been encoded
[NGSICharsets.encodeCKAN] ------------------------------------------- A single 'x' is not encoded
[NGSICharsets.encodeCKAN] ------------------------------------  OK  - 'x' has not been encoded
[NGSICharsets.encodeMongoDBCollection] ------------------------------ Lower case not accented characters are not encoded
[NGSICharsets.encodeMongoDBCollection] -----------------------  OK  - 'abcdefghijklmnopqrstuvwyz' has not been encoded
[NGSICharsets.encodeMongoDBDatabase] -------------------------------- '=' (internal concatenator) is encoded as "xffff" (public concatenator)
[NGSICharsets.encodeMongoDBDatabase] -------------------------  OK  - '=' has been encoded as 'xffff'
[NGSICharsets.encodeCKAN] ------------------------------------------- Upper case not accented characters are encoded
[NGSICharsets.encodeCKAN] ------------------------------------  OK  - 'ABCDEFGHIJKLMNOPQRSTUVWXYZ' has been encoded as 'x0041x0042x0043x0044x0045x0046x0047x0048x0049x004ax004bx004cx004dx004ex004fx0050x0051x0052x0053x0054x0055x0056x0057x0058x0059x005a'
[NGSICharsets.encodeMySQL] ------------------------------------------ A single 'x' is not encoded
[NGSICharsets.encodeMySQL] -----------------------------------  OK  - 'x' has not been encoded
[NGSICharsets.encodeKafka] ------------------------------------------ Upper case not accented characters are not encoded
[NGSICharsets.encodeKafka] -----------------------------------  OK  - 'ABCDEFGHIJKLMNOPQRSTUVWXYZ' has not been encoded
[NGSICharsets.encodePostgreSQL] ------------------------------------- Numbers are not encoded
[NGSICharsets.encodePostgreSQL] ------------------------------  OK  - '0123456789' has not been encoded
[NGSICharsets.encodePostgreSQL] ------------------------------------- Non lower case alphanumerics and undersocre are encoded
[NGSICharsets.encodePostgreSQL] ------------------------------  OK  - 'ÁÉÍÓÚáéíóúÑñÇç' has been encoded
[NGSICharsets.encodePostgreSQL] ------------------------------  OK  - '!"#$%&'()*+,-./' has been encoded
[NGSICharsets.encodePostgreSQL] ------------------------------  OK  - ':;<>?@' has been encoded
[NGSICharsets.encodePostgreSQL] ------------------------------  OK  - '[\]^`' has been encoded
[NGSICharsets.encodePostgreSQL] ------------------------------  OK  - '{|}~' has been encoded
[NGSICharsets.encodeCKAN] ------------------------------------------- Numbers are not encoded
[NGSICharsets.encodeCKAN] ------------------------------------  OK  - '0123456789' has not been encoded
[NGSICharsets.encodeCKAN] ------------------------------------------- Non lower case alphanumerics and undersocre are encoded
[NGSICharsets.encodeCKAN] ------------------------------------  OK  - 'ÁÉÍÓÚáéíóúÑñÇç' has been encoded
[NGSICharsets.encodeCKAN] ------------------------------------  OK  - '!"#$%&'()*+,./' has been encoded
[NGSICharsets.encodeCKAN] ------------------------------------  OK  - ':;<>?@' has been encoded
[NGSICharsets.encodeCKAN] ------------------------------------  OK  - '[\]^`' has been encoded
[NGSICharsets.encodeCKAN] ------------------------------------  OK  - '{|}~' has been encoded
[NGSICharsets.encodeHDFS] ------------------------------------------- "xffff" is encoded (escaped) as "xxffff"
[NGSICharsets.encodeHDFS] ------------------------------------  OK  - 'xffff' has been encoded as 'xxffff'
[NGSICharsets.encodeKafka] ------------------------------------------ Dot is not encoded
[NGSICharsets.encodeKafka] -----------------------------------  OK  - '.' has not been encoded
[NGSICharsets.encodePostgreSQL] ------------------------------------- A single 'x' is not encoded
[NGSICharsets.encodePostgreSQL] ------------------------------  OK  - 'x' has not been encoded
[NGSICharsets.encodeHDFS] ------------------------------------------- A single 'x' is not encoded
[NGSICharsets.encodeHDFS] ------------------------------------  OK  - 'x' has not been encoded
[NGSICharsets.encodeHDFS] ------------------------------------------- Upper case not accented characters are not encoded
[NGSICharsets.encodeHDFS] ------------------------------------  OK  - 'ABCDEFGHIJKLMNOPQRSTUVWXYZ' has been encoded as 'ABCDEFGHIJKLMNOPQRSTUVWXYZ'
[NGSICharsets.encodeMySQL] ------------------------------------------ Numbers are not encoded
[NGSICharsets.encodeMySQL] -----------------------------------  OK  - '0123456789' has not been encoded
[NGSICharsets.encodeMySQL] ------------------------------------------ Non lower case alphanumerics and undersocre are encoded
[NGSICharsets.encodeMySQL] -----------------------------------  OK  - 'ÁÉÍÓÚáéíóúÑñÇç' has been encoded
[NGSICharsets.encodeMySQL] -----------------------------------  OK  - '!"#$%&'()*+,-./' has been encoded
[NGSICharsets.encodeMySQL] -----------------------------------  OK  - ':;<>?@' has been encoded
[NGSICharsets.encodeMySQL] -----------------------------------  OK  - '[\]^`' has been encoded
[NGSICharsets.encodeMySQL] -----------------------------------  OK  - '{|}~' has been encoded
[NGSICharsets.encodePostgreSQL] ------------------------------------- Upper case not accented characters are encoded
[NGSICharsets.encodePostgreSQL] ------------------------------  OK  - 'ABCDEFGHIJKLMNOPQRSTUVWXYZ' has been encoded as 'x0041x0042x0043x0044x0045x0046x0047x0048x0049x004ax004bx004cx004dx004ex004fx0050x0051x0052x0053x0054x0055x0056x0057x0058x0059x005a'
[NGSICharsets.encodeMongoDBCollection] ------------------------------ Upper case not accented characters are not encoded
[NGSICharsets.encodeMongoDBCollection] -----------------------  OK  - 'ABCDEFGHIJKLMNOPQRSTUVWXYZ' has not been encoded
[NGSICharsets.encodeHDFS] ------------------------------------------- '=' (internal concatenator) is encoded as "xffff" (public concatenator)
[NGSICharsets.encodeHDFS] ------------------------------------  OK  - '=' has been encoded as 'xffff'
[NGSICharsets.encodeMongoDBCollection] ------------------------------ A single 'x' is not encoded
[NGSICharsets.encodeMongoDBCollection] -----------------------  OK  - 'x' has not been encoded
[NGSICharsets.encodeMongoDBCollection] ------------------------------ Forbidden characters are encoded
[NGSICharsets.encodeMongoDBCollection] -----------------------  OK  - '/$' has been encoded as 'x002fx0024'
[NGSICharsets.encodeMySQL] ------------------------------------------ Lower case not accented characters are not encoded
[NGSICharsets.encodeMySQL] -----------------------------------  OK  - 'abcdefghijklmnopqrstuvwyz' has not been encoded
[NGSICharsets.encodeDynamoDB] --------------------------------------- A single 'x' is not encoded
[NGSICharsets.encodeDynamoDB] --------------------------------  OK  - 'x' has not been encoded
[NGSICharsets.encodeKafka] ------------------------------------------ Non lower case alphanumerics and underscore are encoded
[NGSICharsets.encodeKafka] -----------------------------------  OK  - 'ÁÉÍÓÚáéíóúÑñÇç' has been encoded
[NGSICharsets.encodeKafka] -----------------------------------  OK  - '!"#$%&'()*+,/' has been encoded
[NGSICharsets.encodeKafka] -----------------------------------  OK  - ':;<>?@' has been encoded
[NGSICharsets.encodeKafka] -----------------------------------  OK  - '[\]^`' has been encoded
[NGSICharsets.encodeKafka] -----------------------------------  OK  - '{|}~' has been encoded
[NGSICharsets.encodeCKAN] ------------------------------------------- '=' (internal concatenator) is encoded as "xffff" (public concatenator)
[NGSICharsets.encodeCKAN] ------------------------------------  OK  - '=' has been encoded as 'xffff'
[NGSICharsets.encodeCKAN] ------------------------------------------- Hyphen is not encoded
[NGSICharsets.encodeCKAN] ------------------------------------  OK  - '-' has not been encoded
[NGSICharsets.encodeDynamoDB] --------------------------------------- Lower case not accented characters are not encoded
[NGSICharsets.encodeDynamoDB] --------------------------------  OK  - 'abcdefghijklmnopqrstuvwyz' has not been encoded
[NGSICharsets.encodeMySQL] ------------------------------------------ Upper case not accented characters are not encoded
[NGSICharsets.encodeMySQL] -----------------------------------  OK  - 'ABCDEFGHIJKLMNOPQRSTUVWXYZ' has not been encoded
[NGSICharsets.encodeMongoDBCollection] ------------------------------ "xffff" is encoded (escaped) as "xxffff"
[NGSICharsets.encodeMongoDBCollection] -----------------------  OK  - 'xffff' has been encoded as 'xxffff'
[NGSICharsets.encodeKafka] ------------------------------------------ '=' (internal concatenator) is encoded as "xffff" (public concatenator)
[NGSICharsets.encodeKafka] -----------------------------------  OK  - '=' has been encoded as 'xffff'
[NGSICharsets.encodeCKAN] ------------------------------------------- Underscore is not encoded
[NGSICharsets.encodeCKAN] ------------------------------------  OK  - '_' has not been encoded
[NGSICharsets.encodeKafka] ------------------------------------------ Hyphen is not encoded
[NGSICharsets.encodeKafka] -----------------------------------  OK  - '-' has not been encoded
[NGSICharsets.encodeMySQL] ------------------------------------------ "xffff" is encoded (escaped) as "xxffff"
[NGSICharsets.encodeMySQL] -----------------------------------  OK  - 'xffff' has been encoded as 'xxffff'
[NGSICharsets.encodeKafka] ------------------------------------------ Underscore is not encoded
[NGSICharsets.encodeKafka] -----------------------------------  OK  - '_' has not been encoded
[NGSICharsets.encodeDynamoDB] --------------------------------------- '=' (internal concatenator) is encoded as "xffff" (public concatenator)
[NGSICharsets.encodeDynamoDB] --------------------------------  OK  - '=' has been encoded as 'xffff'
[NGSICharsets.encodeMongoDBDatabase] -------------------------------- Numbers are not encoded
[NGSICharsets.encodeMongoDBDatabase] -------------------------  OK  - '0123456789' has not been encoded
[NGSICharsets.encodeMongoDBDatabase] -------------------------------- Rare characters are not encoded
[NGSICharsets.encodeMongoDBDatabase] -------------------------  OK  - 'ÁÉÍÓÚáéíóúÑñÇç!#%&'()*+,-_:;<>?@[]^`{|}~' has not been encoded
[NGSICharsets.encodeDynamoDB] --------------------------------------- Upper case not accented characters are not encoded
[NGSICharsets.encodeDynamoDB] --------------------------------  OK  - 'ABCDEFGHIJKLMNOPQRSTUVWXYZ' has not been encoded
[NGSICharsets.encodeDynamoDB] --------------------------------------- Hyphen is not encoded
[NGSICharsets.encodeDynamoDB] --------------------------------  OK  - '-' has not been encoded
[NGSICharsets.encodeDynamoDB] --------------------------------------- Dot is not encoded
[NGSICharsets.encodeDynamoDB] --------------------------------  OK  - '.' has not been encoded
[NGSICharsets.encodeMySQL] ------------------------------------------ '=' (internal concatenator) is encoded as "xffff" (public concatenator)
[NGSICharsets.encodeMySQL] -----------------------------------  OK  - '=' has been encoded as 'xffff'
Tests run: 68, Failures: 0, Errors: 0, Skipped: 0, Time elapsed: 0.024 sec
Running com.telefonica.iot.cygnus.utils.NGSIUtilsTest
[Utils.getLocation] ------------------------------------------------- When getting a geometry, the original attribute is returned when the attribute type is not geo:point and there is no WGS84 location metadata
[Utils.getLocation] ------------------------------------------  OK  - Geometry '-3.7167, 40.3833' obtained for a not geolocated attribute
[Utils.getLocation] ------------------------------------------------- When getting a geometry, a CartoDB point is obtained when passing an attribute of type 'geo:point'
[Utils.getLocation] ------------------------------------------  OK  - Geometry 'ST_SetSRID(ST_MakePoint(-3.7167,40.3833), 4326)' obtained for an attribute of type 'geo:point' and value '-3.7167, 40.3833'
[Utils.getLocation] ------------------------------------------------- When getting a geometry, a CartoDB point is obtained when passing an attribute with 'location' metadata
[Utils.getLocation] ------------------------------------------  OK  - Geometry 'ST_SetSRID(ST_MakePoint(-3.7167,40.3833), 4326)' obtained for an attribute with metadata '[{"name":"location","type":"string","value":"WGS84"}]' and value '-3.7167, 40.3833'
[Utils.getLocation] ------------------------------------------------- When getting a geometry, a CartoDB geometry is obtained when passing an attribute of type 'geo:json'
[Utils.getLocation] ------------------------------------------  OK  - Geometry 'ST_GeomFromGeoJSON('{"coordinates": [-3.7167, 40.3833], "type": "Point"}')' obtained for an attribute of type 'geo:json' and value '{"coordinates": [-3.7167, 40.3833], "type": "Point"}'
Tests run: 4, Failures: 0, Errors: 0, Skipped: 0, Time elapsed: 0.001 sec
Running com.telefonica.iot.cygnus.containers.NotifyContextRequestTest
[NotifyContextRequest.ContextElement.getType] ----------------------- The entity type can be retrieved
[NotifyContextRequest.ContextElement.getType] ----------------  OK  - The retrieved entity type matches the expected one
[NotifyContextRequest.ContextElement.getId] ------------------------- The entity ID can be retrieved
[NotifyContextRequest.ContextElement.getId] ------------------  OK  - The retrieved entity ID matches the expected one
[NotifyContextRequest.StatusCode.getReasonPhrase] ------------------- The code can be retrieved
[NotifyContextRequest.StatusCode.getReasonPhrase] ------------  OK  - The retrieved reason phrase matches the expected one
[NotifyContextRequest.toString] ------------------------------------- String representation of this object is OK
[NotifyContextRequest.toString] ------------------------------  OK  - The string representation of this object is OK
[NotifyContextRequest.ContextElement.getIsPattern] ------------------ The entity type can be retrieved
[NotifyContextRequest.ContextElement.getIsPattern] -----------  OK  - The retrieved entity type matches the expected one
[NotifyContextRequest.StatusCode.getCode] --------------------------- The code can be retrieved
[NotifyContextRequest.StatusCode.getCode] --------------------  OK  - The retrieved code matches the expected one
[NotifyContextRequest.StatusCode.toString] -------------------------- String representation of this object is OK
[NotifyContextRequest.StatusCode.toString] -------------------  OK  - The string representation of this object is OK
[NotifyContextRequest.ContextElement.toString] ---------------------- String representation of this object is OK
[NotifyContextRequest.ContextElement.toString] ---------------  OK  - The string representation of this object is OK
[NotifyContextRequest.getSubscriptionId] ---------------------------- Subscription ID can be retrieved
[NotifyContextRequest.getSubscriptionId] ---------------------  OK  - The retrieved subscription ID matches the expected one
[NotifyContextRequest.getOriginator] -------------------------------- Originator can be retrieved
[NotifyContextRequest.getOriginator] -------------------------  OK  - The retrieved originator matches the expected one
Tests run: 10, Failures: 0, Errors: 0, Skipped: 0, Time elapsed: 0.018 sec
Running com.telefonica.iot.cygnus.containers.NameMappingsTest
[NameMappings.parse] ------------------------------------------------ Service mappings can be retrieved
[NameMappings.parse] -----------------------------------------  OK  - The retrieved service mappings match the expected ones
[NameMappings.parse] -----------------------------------------  OK  - The retrieved mapped service for 's1' matches the expected one
[NameMappings.parse] -----------------------------------------  OK  - The retrieved service path mappings match the expected ones
[NameMappings.parse] -----------------------------------------  OK  - The retrieved mapped service path for '/sp1' matches the expected one
[NameMappings.parse] -----------------------------------------  OK  - The retrieved entity mappings match the expected ones
[NameMappings.parse] -----------------------------------------  OK  - The retrieved mapped entity ID for 'Room1' matches the expected one
[NameMappings.parse] -----------------------------------------  OK  - The retrieved mapped entity type for 'Room' matches the expected one
[NameMappings.parse] -----------------------------------------  OK  - The retrieved attribute mappings match the expected ones
[NameMappings.parse] -----------------------------------------  OK  - The retrieved mapped attribute name for 'temperature' matches the expected one
[NameMappings.parse] -----------------------------------------  OK  - The retrieved mapped attribute name for 'humidity' matches the expected one
[NameMappings.parse] -----------------------------------------  OK  - The retrieved mapped entity ID for 'Room2' matches the expected one
[NameMappings.parse] -----------------------------------------  OK  - The retrieved mapped entity type for 'Room' matches the expected one
[NameMappings.parse] -----------------------------------------  OK  - The retrieved attribute mappings match the expected ones
[NameMappings.parse] -----------------------------------------  OK  - The retrieved mapped attribute name for 'temperature' matches the expected one
[NameMappings.parse] -----------------------------------------  OK  - The retrieved mapped attribute name for 'humidity' matches the expected one
[NameMappings.parse] -----------------------------------------  OK  - The retrieved mapped service path for '/sp2' matches the expected one
[NameMappings.parse] -----------------------------------------  OK  - The retrieved entity mappings match the expected ones
[NameMappings.parse] -----------------------------------------  OK  - The retrieved mapped entity ID for 'Room1' matches the expected one
[NameMappings.parse] -----------------------------------------  OK  - The retrieved mapped entity type for 'Room' matches the expected one
[NameMappings.parse] -----------------------------------------  OK  - The retrieved attribute mappings match the expected ones
[NameMappings.parse] -----------------------------------------  OK  - The retrieved mapped attribute name for 'temperature' matches the expected one
[NameMappings.parse] -----------------------------------------  OK  - The retrieved mapped attribute name for 'humidity' matches the expected one
[NameMappings.parse] -----------------------------------------  OK  - The retrieved mapped entity ID for 'Room2' matches the expected one
[NameMappings.parse] -----------------------------------------  OK  - The retrieved mapped entity type for 'Room' matches the expected one
[NameMappings.parse] -----------------------------------------  OK  - The retrieved attribute mappings match the expected ones
[NameMappings.parse] -----------------------------------------  OK  - The retrieved mapped attribute name for 'temperature' matches the expected one
[NameMappings.parse] -----------------------------------------  OK  - The retrieved mapped attribute name for 'humidity' matches the expected one
[NameMappings.parse] -----------------------------------------  OK  - The retrieved mapped service for 's2' matches the expected one
[NameMappings.parse] -----------------------------------------  OK  - The retrieved service path mappings match the expected ones
[NameMappings.parse] -----------------------------------------  OK  - The retrieved mapped service path for '/sp1' matches the expected one
[NameMappings.parse] -----------------------------------------  OK  - The retrieved entity mappings match the expected ones
[NameMappings.parse] -----------------------------------------  OK  - The retrieved mapped entity ID for 'Room1' matches the expected one
[NameMappings.parse] -----------------------------------------  OK  - The retrieved mapped entity type for 'Room' matches the expected one
[NameMappings.parse] -----------------------------------------  OK  - The retrieved attribute mappings match the expected ones
[NameMappings.parse] -----------------------------------------  OK  - The retrieved mapped attribute name for 'temperature' matches the expected one
[NameMappings.parse] -----------------------------------------  OK  - The retrieved mapped attribute name for 'humidity' matches the expected one
[NameMappings.parse] -----------------------------------------  OK  - The retrieved mapped entity ID for 'Room2' matches the expected one
[NameMappings.parse] -----------------------------------------  OK  - The retrieved mapped entity type for 'Room' matches the expected one
[NameMappings.parse] -----------------------------------------  OK  - The retrieved attribute mappings match the expected ones
[NameMappings.parse] -----------------------------------------  OK  - The retrieved mapped attribute name for 'temperature' matches the expected one
[NameMappings.parse] -----------------------------------------  OK  - The retrieved mapped attribute name for 'humidity' matches the expected one
[NameMappings.parse] -----------------------------------------  OK  - The retrieved mapped service path for '/sp2' matches the expected one
[NameMappings.parse] -----------------------------------------  OK  - The retrieved entity mappings match the expected ones
[NameMappings.parse] -----------------------------------------  OK  - The retrieved mapped entity ID for 'Room1' matches the expected one
[NameMappings.parse] -----------------------------------------  OK  - The retrieved mapped entity type for 'Room' matches the expected one
[NameMappings.parse] -----------------------------------------  OK  - The retrieved attribute mappings match the expected ones
[NameMappings.parse] -----------------------------------------  OK  - The retrieved mapped attribute name for 'temperature' matches the expected one
[NameMappings.parse] -----------------------------------------  OK  - The retrieved mapped attribute name for 'humidity' matches the expected one
[NameMappings.parse] -----------------------------------------  OK  - The retrieved mapped entity ID for 'Room2' matches the expected one
[NameMappings.parse] -----------------------------------------  OK  - The retrieved mapped entity type for 'Room' matches the expected one
[NameMappings.parse] -----------------------------------------  OK  - The retrieved attribute mappings match the expected ones
[NameMappings.parse] -----------------------------------------  OK  - The retrieved mapped attribute name for 'temperature' matches the expected one
[NameMappings.parse] -----------------------------------------  OK  - The retrieved mapped attribute name for 'humidity' matches the expected one
[NameMappings.compilePatterns] -------------------------------------- Patterns are successfully compiled
[NameMappings.compilePatterns] -------------------------------  OK  - The retrieved pattern for the original service matches the expected one
[NameMappings.compilePatterns] -------------------------------  OK  - The retrieved pattern for the original service path matches the expected one
[NameMappings.compilePatterns] -------------------------------  OK  - The retrieved pattern for the original entity ID matches the expected one
[NameMappings.compilePatterns] -------------------------------  OK  - The retrieved pattern for the original entity type matches the expected one
[NameMappings.compilePatterns] -------------------------------  OK  - The retrieved pattern for the original attribute name matches the expected one
[NameMappings.compilePatterns] -------------------------------  OK  - The retrieved pattern for the original attribute type matches the expected one
Tests run: 2, Failures: 0, Errors: 0, Skipped: 0, Time elapsed: 0.005 sec
Running com.telefonica.iot.cygnus.handlers.NGSIRestHandlerTest
[NGSIRestHandler.getEvents] ----------------------------------------- When a notification contains multiple ContextElementResponses, a NGSIEvent is generated for each one of them; the notified service path is split as well
[NGSIRestHandler.getEvents] ----------------------------------  OK  - The generated events are 2
[NGSIRestHandler.getEvents] ----------------------------------  OK  - The generated events have a service path equals to a split of the notified service path
[NGSIRestHandler.generateUniqueId] ---------------------------------- When a correlation ID is genereated, both generated correlation ID and generated transaction ID have the same value
[NGSIRestHandler.generateUniqueId] ---------------------------  OK  - The generated transaction ID '1234567890-123-1234567890' is equals to the generated correlator ID '1234567890-123-1234567890'
[NGSIRestHandler.configure] ----------------------------------------- The configured default service path must start with '/'
[NGSIRestHandler.configure] ----------------------------------  OK  - The configured default service path '/something' starts with '/'
[NGSIRestHandler.configure] ----------------------------------------- The configured default service path can only contain alphanumerics and underscores
[NGSIRestHandler.configure] ----------------------------------  OK  - The configured default service path '/something.?' was detected as invalid
[NGSIRestHandler.getEvents] ----------------------------------------- When a notification is sent as a Http message, a single Flume event is generated
[NGSIRestHandler.getEvents] ----------------------------------  OK  - A single event has been generated
[NGSIRestHandler.wrongServiceHeaderLength] -------------------------- A FIWARE service header whose length is greater than 50 characters is detected
[NGSIRestHandler.wrongServiceHeaderLength] -------------------  OK  - A wrong FIWARE service header 'thisIsAFiwareServiceHeaderWhoseLengthIsGreaterThanTheAccepted50CharactersLimit' has been detected
[NGSIRestHandler.getEvents] ----------------------------------------- When a the configuration is wrong, no evetns are obtained
[NGSIRestHandler.getEvents] ----------------------------------  OK  - No events are processed since the configuration is wrong
[NGSIRestHandler.generateUniqueId] ---------------------------------- An internal transaction ID is generated
[NGSIRestHandler.generateUniqueId] ---------------------------  OK  - An internal transaction ID '1718991a-bcd7-4b4d-a311-025b6d1931e0' has been generated
[NGSIRestHandler.configure] ----------------------------------------- The configured notification target must start with '/'
[NGSIRestHandler.configure] ----------------------------------  OK  - The configured notification target '/notify' starts with '/'
[NGSIRestHandler.wrongServicePathHeaderLength] ---------------------- A FIWARE service path header whose length is greater than 50 characters is detected
[NGSIRestHandler.wrongServicePathHeaderLength] ---------------  OK  - A wrong FIWARE service path header 'thisIsAFiwareServicePathHeaderWhoseLengthIsGreaterThanTheAccepted50CharactersLimit' has been detected
[NGSIRestHandler.configure] ----------------------------------------- When not configured, the default values are used for non mandatory parameters
[NGSIRestHandler.configure] ----------------------------------  OK  - The default configuration value for 'notification_target' is '/notify'
[NGSIRestHandler.configure] ----------------------------------  OK  - The default configuration value for 'default_service' is 'default'
[NGSIRestHandler.configure] ----------------------------------  OK  - The default configuration value for 'default_service_path' is '/'
[NGSIRestHandler.getEvents] ----------------------------------------- When a Flume event is generated, it contains fiware-service, fiware-servicepath, fiware-correlator and transaction-id headers
[NGSIRestHandler.getEvents] ----------------------------------  OK  - The generated Flume event contains 'fiware-service'
[NGSIRestHandler.getEvents] ----------------------------------  OK  - The generated Flume event contains 'fiware-servicepath'
[NGSIRestHandler.getEvents] ----------------------------------  OK  - The generated Flume event contains 'fiware-correlator'
[NGSIRestHandler.getEvents] ----------------------------------  OK  - The generated Flume event contains 'transaction-id'
[NGSIRestHandler.configure] ----------------------------------------- The configured default service can only contain alphanumerics and underscores
[NGSIRestHandler.configure] ----------------------------------  OK  - The configured default service 'default-service!!' was detected as invalid
[NGSIRestHandler.generateUniqueId] ---------------------------------- When a correlation ID is not notified, it is generated
[NGSIRestHandler.generateUniqueId] ---------------------------  OK  - The transaction ID has been generated
[NGSIRestHandler.wrongServicePathHeaderInitialCharacter] ------------ A FIWARE service path header not starting by slash is detected
[NGSIRestHandler.wrongServicePathHeaderInitialCharacter] -----  OK  - A wrong FIWARE service path header 'servicePath' has been detected
[NGSIRestHandler.getEvents] ----------------------------------------- When a notification is sent, the headers are valid
[NGSIRestHandler.getEvents] ----------------------------------  OK  - The value for 'Content-Type' header is 'application/json; charset=utf-8'
[NGSIRestHandler.getEvents] ----------------------------------  OK  - The value for 'fiware-servicePath' header starts with '/'
[NGSIRestHandler.getEvents] ----------------------------------  OK  - The length of 'fiware-service' header value is  less or equal than '50'
[NGSIRestHandler.getEvents] ----------------------------------  OK  - The length of 'fiware-servicePath' header value is less or equal than '50'
[NGSIRestHandler.wrongContentType] ---------------------------------- A content-type different than 'application/json; charset=utf-8' is detected
[NGSIRestHandler.wrongContentType] ---------------------------  OK  - A wrong content-type 'application/json' has been detected
[NGSIRestHandler.generateUniqueId] ---------------------------------- When a correlator ID is notified, it is reused
[NGSIRestHandler.generateUniqueId] ---------------------------  OK  - The notified transaction ID '1234567890-123-1234567890' has been reused
Tests run: 18, Failures: 0, Errors: 0, Skipped: 0, Time elapsed: 0.172 sec

Results :

Tests run: 284, Failures: 0, Errors: 0, Skipped: 0

[INFO] 
[INFO] --- pitest-maven:1.2.0:mutationCoverage (default-cli) @ cygnus-ngsi ---
[INFO] Found plugin : JSON report plugin
[INFO] Found plugin : Produces a JSON file reporting mutation results aggregated by method and each method classfied according to its mutation status
[INFO] Found plugin : Default csv report plugin
[INFO] Found plugin : Default xml report plugin
[INFO] Found plugin : Default html report plugin
[INFO] Found plugin : Default limit mutations plugin
[INFO] Found plugin : Kotlin junk mutations filter
[INFO] Found shared classpath plugin : Engine for extreme mutation operators
[INFO] Found shared classpath plugin : Default mutation engine
[INFO] Adding eu.stamp-project:descartes to SUT classpath
[INFO] Adding org.pitest:pitest to SUT classpath
[INFO] Mutating from /home/stamp/Git/CityGo/fiware-cygnus/cygnus-ngsi/target/classes
[INFO] Defaulting target classes to match packages in build directory
10:36:19 AM PIT >> INFO : Verbose logging is disabled. If you encounter an problem please enable it before reporting an issue.
CP is :/home/stamp/Git/CityGo/fiware-cygnus/cygnus-ngsi/target/test-classes:/home/stamp/Git/CityGo/fiware-cygnus/cygnus-ngsi/target/classes:/home/stamp/.m2/repository/org/mockito/mockito-all/1.9.5/mockito-all-1.9.5.jar:/home/stamp/.m2/repository/junit/junit/4.11/junit-4.11.jar:/home/stamp/.m2/repository/org/hamcrest/hamcrest-core/1.3/hamcrest-core-1.3.jar:/home/stamp/.m2/repository/org/apache/httpcomponents/httpcore/4.3.1/httpcore-4.3.1.jar:/home/stamp/.m2/repository/log4j/log4j/1.2.17/log4j-1.2.17.jar:/home/stamp/.m2/repository/org/slf4j/slf4j-simple/1.7.21/slf4j-simple-1.7.21.jar:/home/stamp/.m2/repository/org/slf4j/slf4j-api/1.7.21/slf4j-api-1.7.21.jar:/home/stamp/.m2/repository/org/apache/commons/commons-lang3/3.4/commons-lang3-3.4.jar:/home/stamp/Git/CityGo/fiware-cygnus/cygnus-ngsi/cygnus-common-1.8.0_SNAPSHOT-jar-with-dependencies.jar:/home/stamp/.m2/repository/eu/stamp-project/descartes/1.1/descartes-1.1.jar:/home/stamp/.m2/repository/org/pitest/pitest/1.2.0/pitest-1.2.0.jar
10:36:20 AM PIT >> INFO : Sending 23 test classes to minion
10:36:20 AM PIT >> INFO : Sent tests to minion
10:36:20 AM PIT >> INFO : MINION : 10:36:20 AM PIT >> INFO : Checking environment

10:36:21 AM PIT >> INFO : MINION : 10:36:21 AM PIT >> INFO : Found  284 tests

10:36:21 AM PIT >> INFO : MINION : 10:36:21 AM PIT >> INFO : Dependency analysis reduced number of potential tests by 0

10:36:21 AM PIT >> INFO : MINION : 10:36:21 AM PIT >> INFO : 284 tests received

/-\|/-\|/-\|/-\|/-\|/-\|/-\|/-\|/-\|/10:36:21 AM PIT >> INFO : MINION : 10:36:21 AM PIT >> WARNING : More threads at end of test (5) testGetEventsHeadersInFlumeEvent(com.telefonica.iot.cygnus.interceptors.NGSIGroupingInterceptorTest) than start. (4)

-\|/-\|/-\|/-\|/10:36:21 AM PIT >> INFO : MINION : Exception in thread "Thread-2" 
10:36:21 AM PIT >> INFO : MINION : java.lang.NullPointerException
10:36:21 AM PIT >> INFO : MINION : 
	at java.io.File.<init>(File.java:277)
10:36:21 AM PIT >> INFO : MINION : 
	at com.telefonica.iot.cygnus.interceptors.NGSINameMappingsInterceptor$PeriodicalNameMappingsReader.run(NGSINameMappingsInterceptor.java:213)
10:36:21 AM PIT >> WARNING : More threads at end of test (6) testGetEventsHeadersInNGSIFlumeEvent(com.telefonica.
10:36:21 AM PIT >> INFO : MINION : iot.cygnus.interceptors.NGSINameMappingsInterceptorTest) than start. (5)

-\|/-\|/-\|/-\|/-\|/-\|/-\|/-\|/-\|/-\|/-\|/-\|/10:36:21 AM PIT >> INFO : MINION : SLF4J: Class path contains multiple SLF4J bindings.

10:36:21 AM PIT >> INFO : MINION : SLF4J: Found binding in [jar:file:/home/stamp/.m2/repository/org/slf4j/slf4j-simple/1.7.21/slf4j-simple-1.7.21.jar!/org/slf4j/impl/StaticLoggerBinder.class]
SLF4J: Found binding in [jar:file:/home/stamp/Git/CityGo/fiware-cygnus/cygnus-ngsi/cygnus-common-1.
10:36:21 AM PIT >> INFO : MINION : 8.0_SNAPSHOT-jar-with-dependencies.jar!/org/slf4j/impl/StaticLoggerBinder.class]
SLF4J: See http://www.slf4j.org/codes.html#multiple_bindings for an explanation.

10:36:21 AM PIT >> INFO : MINION : SLF4J: Actual binding is of type [org.slf4j.impl.SimpleLoggerFactory]

10:36:22 AM PIT >> INFO : MINION : 10:36:22 AM PIT >> WARNING : More threads at end of test (6) testStartBackendCreated(com.telefonica.iot.cygnus.sinks.NGSICartoDBSinkTest) than start. (5)

-\|/-\|/-\|/-\|/-\|/-\|/-\|/-\|/-\|/-\|/-\|/-\|/-\|/-\|/-\|/-\|/-\|/-\|/-\|/-\|/-\|/-\|/-\|/-\|/-\|/-\|/-10:36:22 AM PIT >> INFO : MINION : 10:36:22 AM PIT >> WARNING : More threads at end of test (7) testStart(com.telefonica.iot.cygnus.sinks.NGSISinkTest) than start. (6)

\|/-\|/-\|/-\|/-\|/-\|/-\|/-\|/-\|/-\|/-\|/-\|/-\|/-\|/-\|/-\|/-\|/-\|/-\|/-\|10:36:22 AM PIT >> INFO : Calculated coverage in 2 seconds.
10:36:22 AM PIT >> INFO : Created  62 mutation test units
CP is :/home/stamp/Git/CityGo/fiware-cygnus/cygnus-ngsi/target/test-classes:/home/stamp/Git/CityGo/fiware-cygnus/cygnus-ngsi/target/classes:/home/stamp/.m2/repository/org/mockito/mockito-all/1.9.5/mockito-all-1.9.5.jar:/home/stamp/.m2/repository/junit/junit/4.11/junit-4.11.jar:/home/stamp/.m2/repository/org/hamcrest/hamcrest-core/1.3/hamcrest-core-1.3.jar:/home/stamp/.m2/repository/org/apache/httpcomponents/httpcore/4.3.1/httpcore-4.3.1.jar:/home/stamp/.m2/repository/log4j/log4j/1.2.17/log4j-1.2.17.jar:/home/stamp/.m2/repository/org/slf4j/slf4j-simple/1.7.21/slf4j-simple-1.7.21.jar:/home/stamp/.m2/repository/org/slf4j/slf4j-api/1.7.21/slf4j-api-1.7.21.jar:/home/stamp/.m2/repository/org/apache/commons/commons-lang3/3.4/commons-lang3-3.4.jar:/home/stamp/Git/CityGo/fiware-cygnus/cygnus-ngsi/cygnus-common-1.8.0_SNAPSHOT-jar-with-dependencies.jar:/home/stamp/.m2/repository/eu/stamp-project/descartes/1.1/descartes-1.1.jar:/home/stamp/.m2/repository/org/pitest/pitest/1.2.0/pitest-1.2.0.jar
CP is :/home/stamp/Git/CityGo/fiware-cygnus/cygnus-ngsi/target/test-classes:/home/stamp/Git/CityGo/fiware-cygnus/cygnus-ngsi/target/classes:/home/stamp/.m2/repository/org/mockito/mockito-all/1.9.5/mockito-all-1.9.5.jar:/home/stamp/.m2/repository/junit/junit/4.11/junit-4.11.jar:/home/stamp/.m2/repository/org/hamcrest/hamcrest-core/1.3/hamcrest-core-1.3.jar:/home/stamp/.m2/repository/org/apache/httpcomponents/httpcore/4.3.1/httpcore-4.3.1.jar:/home/stamp/.m2/repository/log4j/log4j/1.2.17/log4j-1.2.17.jar:/home/stamp/.m2/repository/org/slf4j/slf4j-simple/1.7.21/slf4j-simple-1.7.21.jar:/home/stamp/.m2/repository/org/slf4j/slf4j-api/1.7.21/slf4j-api-1.7.21.jar:/home/stamp/.m2/repository/org/apache/commons/commons-lang3/3.4/commons-lang3-3.4.jar:/home/stamp/Git/CityGo/fiware-cygnus/cygnus-ngsi/cygnus-common-1.8.0_SNAPSHOT-jar-with-dependencies.jar:/home/stamp/.m2/repository/eu/stamp-project/descartes/1.1/descartes-1.1.jar:/home/stamp/.m2/repository/org/pitest/pitest/1.2.0/pitest-1.2.0.jar
/CP is :/home/stamp/Git/CityGo/fiware-cygnus/cygnus-ngsi/target/test-classes:/home/stamp/Git/CityGo/fiware-cygnus/cygnus-ngsi/target/classes:/home/stamp/.m2/repository/org/mockito/mockito-all/1.9.5/mockito-all-1.9.5.jar:/home/stamp/.m2/repository/junit/junit/4.11/junit-4.11.jar:/home/stamp/.m2/repository/org/hamcrest/hamcrest-core/1.3/hamcrest-core-1.3.jar:/home/stamp/.m2/repository/org/apache/httpcomponents/httpcore/4.3.1/httpcore-4.3.1.jar:/home/stamp/.m2/repository/log4j/log4j/1.2.17/log4j-1.2.17.jar:/home/stamp/.m2/repository/org/slf4j/slf4j-simple/1.7.21/slf4j-simple-1.7.21.jar:/home/stamp/.m2/repository/org/slf4j/slf4j-api/1.7.21/slf4j-api-1.7.21.jar:/home/stamp/.m2/repository/org/apache/commons/commons-lang3/3.4/commons-lang3-3.4.jar:/home/stamp/Git/CityGo/fiware-cygnus/cygnus-ngsi/cygnus-common-1.8.0_SNAPSHOT-jar-with-dependencies.jar:/home/stamp/.m2/repository/eu/stamp-project/descartes/1.1/descartes-1.1.jar:/home/stamp/.m2/repository/org/pitest/pitest/1.2.0/pitest-1.2.0.jar
-CP is :/home/stamp/Git/CityGo/fiware-cygnus/cygnus-ngsi/target/test-classes:/home/stamp/Git/CityGo/fiware-cygnus/cygnus-ngsi/target/classes:/home/stamp/.m2/repository/org/mockito/mockito-all/1.9.5/mockito-all-1.9.5.jar:/home/stamp/.m2/repository/junit/junit/4.11/junit-4.11.jar:/home/stamp/.m2/repository/org/hamcrest/hamcrest-core/1.3/hamcrest-core-1.3.jar:/home/stamp/.m2/repository/org/apache/httpcomponents/httpcore/4.3.1/httpcore-4.3.1.jar:/home/stamp/.m2/repository/log4j/log4j/1.2.17/log4j-1.2.17.jar:/home/stamp/.m2/repository/org/slf4j/slf4j-simple/1.7.21/slf4j-simple-1.7.21.jar:/home/stamp/.m2/repository/org/slf4j/slf4j-api/1.7.21/slf4j-api-1.7.21.jar:/home/stamp/.m2/repository/org/apache/commons/commons-lang3/3.4/commons-lang3-3.4.jar:/home/stamp/Git/CityGo/fiware-cygnus/cygnus-ngsi/cygnus-common-1.8.0_SNAPSHOT-jar-with-dependencies.jar:/home/stamp/.m2/repository/eu/stamp-project/descartes/1.1/descartes-1.1.jar:/home/stamp/.m2/repository/org/pitest/pitest/1.2.0/pitest-1.2.0.jar
\CP is :/home/stamp/Git/CityGo/fiware-cygnus/cygnus-ngsi/target/test-classes:/home/stamp/Git/CityGo/fiware-cygnus/cygnus-ngsi/target/classes:/home/stamp/.m2/repository/org/mockito/mockito-all/1.9.5/mockito-all-1.9.5.jar:/home/stamp/.m2/repository/junit/junit/4.11/junit-4.11.jar:/home/stamp/.m2/repository/org/hamcrest/hamcrest-core/1.3/hamcrest-core-1.3.jar:/home/stamp/.m2/repository/org/apache/httpcomponents/httpcore/4.3.1/httpcore-4.3.1.jar:/home/stamp/.m2/repository/log4j/log4j/1.2.17/log4j-1.2.17.jar:/home/stamp/.m2/repository/org/slf4j/slf4j-simple/1.7.21/slf4j-simple-1.7.21.jar:/home/stamp/.m2/repository/org/slf4j/slf4j-api/1.7.21/slf4j-api-1.7.21.jar:/home/stamp/.m2/repository/org/apache/commons/commons-lang3/3.4/commons-lang3-3.4.jar:/home/stamp/Git/CityGo/fiware-cygnus/cygnus-ngsi/cygnus-common-1.8.0_SNAPSHOT-jar-with-dependencies.jar:/home/stamp/.m2/repository/eu/stamp-project/descartes/1.1/descartes-1.1.jar:/home/stamp/.m2/repository/org/pitest/pitest/1.2.0/pitest-1.2.0.jar
|/stderr  : SLF4J: Class path contains multiple SLF4J bindings.
SLF4J: Found binding in [jar:file:/home/stamp/.m2/repository/org/slf4j/slf4j-simple/1.7.21/slf4j-simple-1.7.21.jar!/org/slf4j/impl/StaticLoggerBinder.class]
SLF4J: Found binding in [jar:file:/home/stamp/Gstderr  : it/CityGo/fiware-cygnus/cygnus-ngsi/cygnus-common-1.8.0_SNAPSHOT-jar-with-dependencies.jar!/org/slf4j/impl/StaticLoggerBinder.class]
SLF4J: See http://www.slf4j.org/codes.html#multiple_bindings for an explanation.
SLF4J: Actual binding is of type [org.slf4stderr  : j.impl.SimpleLoggerFactory]
CP is :/home/stamp/Git/CityGo/fiware-cygnus/cygnus-ngsi/target/test-classes:/home/stamp/Git/CityGo/fiware-cygnus/cygnus-ngsi/target/classes:/home/stamp/.m2/repository/org/mockito/mockito-all/1.9.5/mockito-all-1.9.5.jar:/home/stamp/.m2/repository/junit/junit/4.11/junit-4.11.jar:/home/stamp/.m2/repository/org/hamcrest/hamcrest-core/1.3/hamcrest-core-1.3.jar:/home/stamp/.m2/repository/org/apache/httpcomponents/httpcore/4.3.1/httpcore-4.3.1.jar:/home/stamp/.m2/repository/log4j/log4j/1.2.17/log4j-1.2.17.jar:/home/stamp/.m2/repository/org/slf4j/slf4j-simple/1.7.21/slf4j-simple-1.7.21.jar:/home/stamp/.m2/repository/org/slf4j/slf4j-api/1.7.21/slf4j-api-1.7.21.jar:/home/stamp/.m2/repository/org/apache/commons/commons-lang3/3.4/commons-lang3-3.4.jar:/home/stamp/Git/CityGo/fiware-cygnus/cygnus-ngsi/cygnus-common-1.8.0_SNAPSHOT-jar-with-dependencies.jar:/home/stamp/.m2/repository/eu/stamp-project/descartes/1.1/descartes-1.1.jar:/home/stamp/.m2/repository/org/pitest/pitest/1.2.0/pitest-1.2.0.jar
-CP is :/home/stamp/Git/CityGo/fiware-cygnus/cygnus-ngsi/target/test-classes:/home/stamp/Git/CityGo/fiware-cygnus/cygnus-ngsi/target/classes:/home/stamp/.m2/repository/org/mockito/mockito-all/1.9.5/mockito-all-1.9.5.jar:/home/stamp/.m2/repository/junit/junit/4.11/junit-4.11.jar:/home/stamp/.m2/repository/org/hamcrest/hamcrest-core/1.3/hamcrest-core-1.3.jar:/home/stamp/.m2/repository/org/apache/httpcomponents/httpcore/4.3.1/httpcore-4.3.1.jar:/home/stamp/.m2/repository/log4j/log4j/1.2.17/log4j-1.2.17.jar:/home/stamp/.m2/repository/org/slf4j/slf4j-simple/1.7.21/slf4j-simple-1.7.21.jar:/home/stamp/.m2/repository/org/slf4j/slf4j-api/1.7.21/slf4j-api-1.7.21.jar:/home/stamp/.m2/repository/org/apache/commons/commons-lang3/3.4/commons-lang3-3.4.jar:/home/stamp/Git/CityGo/fiware-cygnus/cygnus-ngsi/cygnus-common-1.8.0_SNAPSHOT-jar-with-dependencies.jar:/home/stamp/.m2/repository/eu/stamp-project/descartes/1.1/descartes-1.1.jar:/home/stamp/.m2/repository/org/pitest/pitest/1.2.0/pitest-1.2.0.jar
\stderr  : SLF4J: Class path contains multiple SLF4J bindings.
SLF4J: Found binding in [jar:file:/home/stamp/.m2/repository/org/slf4j/slf4j-simple/1.7.21/slf4j-simple-1.7.21.jar!/org/slf4j/impl/StaticLoggerBinder.class]
SLF4J: Found binding in [jar:file:/home/stamp/Gstderr  : it/CityGo/fiware-cygnus/cygnus-ngsi/cygnus-common-1.8.0_SNAPSHOT-jar-with-dependencies.jar!/org/slf4j/impl/StaticLoggerBinder.class]
SLF4J: See http://www.slf4j.org/codes.html#multiple_bindings for an explanation.
SLF4J: Actual binding is of type [org.slf4stderr  : j.impl.SimpleLoggerFactory]
CP is :/home/stamp/Git/CityGo/fiware-cygnus/cygnus-ngsi/target/test-classes:/home/stamp/Git/CityGo/fiware-cygnus/cygnus-ngsi/target/classes:/home/stamp/.m2/repository/org/mockito/mockito-all/1.9.5/mockito-all-1.9.5.jar:/home/stamp/.m2/repository/junit/junit/4.11/junit-4.11.jar:/home/stamp/.m2/repository/org/hamcrest/hamcrest-core/1.3/hamcrest-core-1.3.jar:/home/stamp/.m2/repository/org/apache/httpcomponents/httpcore/4.3.1/httpcore-4.3.1.jar:/home/stamp/.m2/repository/log4j/log4j/1.2.17/log4j-1.2.17.jar:/home/stamp/.m2/repository/org/slf4j/slf4j-simple/1.7.21/slf4j-simple-1.7.21.jar:/home/stamp/.m2/repository/org/slf4j/slf4j-api/1.7.21/slf4j-api-1.7.21.jar:/home/stamp/.m2/repository/org/apache/commons/commons-lang3/3.4/commons-lang3-3.4.jar:/home/stamp/Git/CityGo/fiware-cygnus/cygnus-ngsi/cygnus-common-1.8.0_SNAPSHOT-jar-with-dependencies.jar:/home/stamp/.m2/repository/eu/stamp-project/descartes/1.1/descartes-1.1.jar:/home/stamp/.m2/repository/org/pitest/pitest/1.2.0/pitest-1.2.0.jar
|/CP is :/home/stamp/Git/CityGo/fiware-cygnus/cygnus-ngsi/target/test-classes:/home/stamp/Git/CityGo/fiware-cygnus/cygnus-ngsi/target/classes:/home/stamp/.m2/repository/org/mockito/mockito-all/1.9.5/mockito-all-1.9.5.jar:/home/stamp/.m2/repository/junit/junit/4.11/junit-4.11.jar:/home/stamp/.m2/repository/org/hamcrest/hamcrest-core/1.3/hamcrest-core-1.3.jar:/home/stamp/.m2/repository/org/apache/httpcomponents/httpcore/4.3.1/httpcore-4.3.1.jar:/home/stamp/.m2/repository/log4j/log4j/1.2.17/log4j-1.2.17.jar:/home/stamp/.m2/repository/org/slf4j/slf4j-simple/1.7.21/slf4j-simple-1.7.21.jar:/home/stamp/.m2/repository/org/slf4j/slf4j-api/1.7.21/slf4j-api-1.7.21.jar:/home/stamp/.m2/repository/org/apache/commons/commons-lang3/3.4/commons-lang3-3.4.jar:/home/stamp/Git/CityGo/fiware-cygnus/cygnus-ngsi/cygnus-common-1.8.0_SNAPSHOT-jar-with-dependencies.jar:/home/stamp/.m2/repository/eu/stamp-project/descartes/1.1/descartes-1.1.jar:/home/stamp/.m2/repository/org/pitest/pitest/1.2.0/pitest-1.2.0.jar
-CP is :/home/stamp/Git/CityGo/fiware-cygnus/cygnus-ngsi/target/test-classes:/home/stamp/Git/CityGo/fiware-cygnus/cygnus-ngsi/target/classes:/home/stamp/.m2/repository/org/mockito/mockito-all/1.9.5/mockito-all-1.9.5.jar:/home/stamp/.m2/repository/junit/junit/4.11/junit-4.11.jar:/home/stamp/.m2/repository/org/hamcrest/hamcrest-core/1.3/hamcrest-core-1.3.jar:/home/stamp/.m2/repository/org/apache/httpcomponents/httpcore/4.3.1/httpcore-4.3.1.jar:/home/stamp/.m2/repository/log4j/log4j/1.2.17/log4j-1.2.17.jar:/home/stamp/.m2/repository/org/slf4j/slf4j-simple/1.7.21/slf4j-simple-1.7.21.jar:/home/stamp/.m2/repository/org/slf4j/slf4j-api/1.7.21/slf4j-api-1.7.21.jar:/home/stamp/.m2/repository/org/apache/commons/commons-lang3/3.4/commons-lang3-3.4.jar:/home/stamp/Git/CityGo/fiware-cygnus/cygnus-ngsi/cygnus-common-1.8.0_SNAPSHOT-jar-with-dependencies.jar:/home/stamp/.m2/repository/eu/stamp-project/descartes/1.1/descartes-1.1.jar:/home/stamp/.m2/repository/org/pitest/pitest/1.2.0/pitest-1.2.0.jar
\CP is :/home/stamp/Git/CityGo/fiware-cygnus/cygnus-ngsi/target/test-classes:/home/stamp/Git/CityGo/fiware-cygnus/cygnus-ngsi/target/classes:/home/stamp/.m2/repository/org/mockito/mockito-all/1.9.5/mockito-all-1.9.5.jar:/home/stamp/.m2/repository/junit/junit/4.11/junit-4.11.jar:/home/stamp/.m2/repository/org/hamcrest/hamcrest-core/1.3/hamcrest-core-1.3.jar:/home/stamp/.m2/repository/org/apache/httpcomponents/httpcore/4.3.1/httpcore-4.3.1.jar:/home/stamp/.m2/repository/log4j/log4j/1.2.17/log4j-1.2.17.jar:/home/stamp/.m2/repository/org/slf4j/slf4j-simple/1.7.21/slf4j-simple-1.7.21.jar:/home/stamp/.m2/repository/org/slf4j/slf4j-api/1.7.21/slf4j-api-1.7.21.jar:/home/stamp/.m2/repository/org/apache/commons/commons-lang3/3.4/commons-lang3-3.4.jar:/home/stamp/Git/CityGo/fiware-cygnus/cygnus-ngsi/cygnus-common-1.8.0_SNAPSHOT-jar-with-dependencies.jar:/home/stamp/.m2/repository/eu/stamp-project/descartes/1.1/descartes-1.1.jar:/home/stamp/.m2/repository/org/pitest/pitest/1.2.0/pitest-1.2.0.jar
|stderr  : Exception in thread "Thread-9" java.lang.NullPointerException
	at java.io.File.<init>(File.java:277)
	at com.telefonica.iot.cygnus.interceptors.NGSINameMappingsInterceptor$PeriodicalNameMappingsReader.run(NGSINameMappingsInterceptor.java:213)
stderr  : Exception in thread "Thread-39" stderr  : java.lang.NullPointerException
stderr  : 	at java.io.File.<init>(File.java:277)stderr  : 
stderr  : 	at com.telefonica.iot.cygnus.interceptors.NGSINameMappingsInterceptor$PeriodicalNameMappingsReader.run(NGSINameMappingsInterceptor.java:213)stderr  : 
CP is :/home/stamp/Git/CityGo/fiware-cygnus/cygnus-ngsi/target/test-classes:/home/stamp/Git/CityGo/fiware-cygnus/cygnus-ngsi/target/classes:/home/stamp/.m2/repository/org/mockito/mockito-all/1.9.5/mockito-all-1.9.5.jar:/home/stamp/.m2/repository/junit/junit/4.11/junit-4.11.jar:/home/stamp/.m2/repository/org/hamcrest/hamcrest-core/1.3/hamcrest-core-1.3.jar:/home/stamp/.m2/repository/org/apache/httpcomponents/httpcore/4.3.1/httpcore-4.3.1.jar:/home/stamp/.m2/repository/log4j/log4j/1.2.17/log4j-1.2.17.jar:/home/stamp/.m2/repository/org/slf4j/slf4j-simple/1.7.21/slf4j-simple-1.7.21.jar:/home/stamp/.m2/repository/org/slf4j/slf4j-api/1.7.21/slf4j-api-1.7.21.jar:/home/stamp/.m2/repository/org/apache/commons/commons-lang3/3.4/commons-lang3-3.4.jar:/home/stamp/Git/CityGo/fiware-cygnus/cygnus-ngsi/cygnus-common-1.8.0_SNAPSHOT-jar-with-dependencies.jar:/home/stamp/.m2/repository/eu/stamp-project/descartes/1.1/descartes-1.1.jar:/home/stamp/.m2/repository/org/pitest/pitest/1.2.0/pitest-1.2.0.jar
/-CP is :/home/stamp/Git/CityGo/fiware-cygnus/cygnus-ngsi/target/test-classes:/home/stamp/Git/CityGo/fiware-cygnus/cygnus-ngsi/target/classes:/home/stamp/.m2/repository/org/mockito/mockito-all/1.9.5/mockito-all-1.9.5.jar:/home/stamp/.m2/repository/junit/junit/4.11/junit-4.11.jar:/home/stamp/.m2/repository/org/hamcrest/hamcrest-core/1.3/hamcrest-core-1.3.jar:/home/stamp/.m2/repository/org/apache/httpcomponents/httpcore/4.3.1/httpcore-4.3.1.jar:/home/stamp/.m2/repository/log4j/log4j/1.2.17/log4j-1.2.17.jar:/home/stamp/.m2/repository/org/slf4j/slf4j-simple/1.7.21/slf4j-simple-1.7.21.jar:/home/stamp/.m2/repository/org/slf4j/slf4j-api/1.7.21/slf4j-api-1.7.21.jar:/home/stamp/.m2/repository/org/apache/commons/commons-lang3/3.4/commons-lang3-3.4.jar:/home/stamp/Git/CityGo/fiware-cygnus/cygnus-ngsi/cygnus-common-1.8.0_SNAPSHOT-jar-with-dependencies.jar:/home/stamp/.m2/repository/eu/stamp-project/descartes/1.1/descartes-1.1.jar:/home/stamp/.m2/repository/org/pitest/pitest/1.2.0/pitest-1.2.0.jar
\|CP is :/home/stamp/Git/CityGo/fiware-cygnus/cygnus-ngsi/target/test-classes:/home/stamp/Git/CityGo/fiware-cygnus/cygnus-ngsi/target/classes:/home/stamp/.m2/repository/org/mockito/mockito-all/1.9.5/mockito-all-1.9.5.jar:/home/stamp/.m2/repository/junit/junit/4.11/junit-4.11.jar:/home/stamp/.m2/repository/org/hamcrest/hamcrest-core/1.3/hamcrest-core-1.3.jar:/home/stamp/.m2/repository/org/apache/httpcomponents/httpcore/4.3.1/httpcore-4.3.1.jar:/home/stamp/.m2/repository/log4j/log4j/1.2.17/log4j-1.2.17.jar:/home/stamp/.m2/repository/org/slf4j/slf4j-simple/1.7.21/slf4j-simple-1.7.21.jar:/home/stamp/.m2/repository/org/slf4j/slf4j-api/1.7.21/slf4j-api-1.7.21.jar:/home/stamp/.m2/repository/org/apache/commons/commons-lang3/3.4/commons-lang3-3.4.jar:/home/stamp/Git/CityGo/fiware-cygnus/cygnus-ngsi/cygnus-common-1.8.0_SNAPSHOT-jar-with-dependencies.jar:/home/stamp/.m2/repository/eu/stamp-project/descartes/1.1/descartes-1.1.jar:/home/stamp/.m2/repository/org/pitest/pitest/1.2.0/pitest-1.2.0.jar
/CP is :/home/stamp/Git/CityGo/fiware-cygnus/cygnus-ngsi/target/test-classes:/home/stamp/Git/CityGo/fiware-cygnus/cygnus-ngsi/target/classes:/home/stamp/.m2/repository/org/mockito/mockito-all/1.9.5/mockito-all-1.9.5.jar:/home/stamp/.m2/repository/junit/junit/4.11/junit-4.11.jar:/home/stamp/.m2/repository/org/hamcrest/hamcrest-core/1.3/hamcrest-core-1.3.jar:/home/stamp/.m2/repository/org/apache/httpcomponents/httpcore/4.3.1/httpcore-4.3.1.jar:/home/stamp/.m2/repository/log4j/log4j/1.2.17/log4j-1.2.17.jar:/home/stamp/.m2/repository/org/slf4j/slf4j-simple/1.7.21/slf4j-simple-1.7.21.jar:/home/stamp/.m2/repository/org/slf4j/slf4j-api/1.7.21/slf4j-api-1.7.21.jar:/home/stamp/.m2/repository/org/apache/commons/commons-lang3/3.4/commons-lang3-3.4.jar:/home/stamp/Git/CityGo/fiware-cygnus/cygnus-ngsi/cygnus-common-1.8.0_SNAPSHOT-jar-with-dependencies.jar:/home/stamp/.m2/repository/eu/stamp-project/descartes/1.1/descartes-1.1.jar:/home/stamp/.m2/repository/org/pitest/pitest/1.2.0/pitest-1.2.0.jar
-CP is :/home/stamp/Git/CityGo/fiware-cygnus/cygnus-ngsi/target/test-classes:/home/stamp/Git/CityGo/fiware-cygnus/cygnus-ngsi/target/classes:/home/stamp/.m2/repository/org/mockito/mockito-all/1.9.5/mockito-all-1.9.5.jar:/home/stamp/.m2/repository/junit/junit/4.11/junit-4.11.jar:/home/stamp/.m2/repository/org/hamcrest/hamcrest-core/1.3/hamcrest-core-1.3.jar:/home/stamp/.m2/repository/org/apache/httpcomponents/httpcore/4.3.1/httpcore-4.3.1.jar:/home/stamp/.m2/repository/log4j/log4j/1.2.17/log4j-1.2.17.jar:/home/stamp/.m2/repository/org/slf4j/slf4j-simple/1.7.21/slf4j-simple-1.7.21.jar:/home/stamp/.m2/repository/org/slf4j/slf4j-api/1.7.21/slf4j-api-1.7.21.jar:/home/stamp/.m2/repository/org/apache/commons/commons-lang3/3.4/commons-lang3-3.4.jar:/home/stamp/Git/CityGo/fiware-cygnus/cygnus-ngsi/cygnus-common-1.8.0_SNAPSHOT-jar-with-dependencies.jar:/home/stamp/.m2/repository/eu/stamp-project/descartes/1.1/descartes-1.1.jar:/home/stamp/.m2/repository/org/pitest/pitest/1.2.0/pitest-1.2.0.jar
\CP is :/home/stamp/Git/CityGo/fiware-cygnus/cygnus-ngsi/target/test-classes:/home/stamp/Git/CityGo/fiware-cygnus/cygnus-ngsi/target/classes:/home/stamp/.m2/repository/org/mockito/mockito-all/1.9.5/mockito-all-1.9.5.jar:/home/stamp/.m2/repository/junit/junit/4.11/junit-4.11.jar:/home/stamp/.m2/repository/org/hamcrest/hamcrest-core/1.3/hamcrest-core-1.3.jar:/home/stamp/.m2/repository/org/apache/httpcomponents/httpcore/4.3.1/httpcore-4.3.1.jar:/home/stamp/.m2/repository/log4j/log4j/1.2.17/log4j-1.2.17.jar:/home/stamp/.m2/repository/org/slf4j/slf4j-simple/1.7.21/slf4j-simple-1.7.21.jar:/home/stamp/.m2/repository/org/slf4j/slf4j-api/1.7.21/slf4j-api-1.7.21.jar:/home/stamp/.m2/repository/org/apache/commons/commons-lang3/3.4/commons-lang3-3.4.jar:/home/stamp/Git/CityGo/fiware-cygnus/cygnus-ngsi/cygnus-common-1.8.0_SNAPSHOT-jar-with-dependencies.jar:/home/stamp/.m2/repository/eu/stamp-project/descartes/1.1/descartes-1.1.jar:/home/stamp/.m2/repository/org/pitest/pitest/1.2.0/pitest-1.2.0.jar
|stderr  : Exception in thread "Thread-3" java.lang.NullPointerException
	at java.io.File.<init>(File.java:277)
	at com.telefonica.iot.cygnus.interceptors.NGSINameMappingsInterceptor$PeriodicalNameMappingsReader.run(NGSINameMappingsInterceptor.java:213)
CP is :/home/stamp/Git/CityGo/fiware-cygnus/cygnus-ngsi/target/test-classes:/home/stamp/Git/CityGo/fiware-cygnus/cygnus-ngsi/target/classes:/home/stamp/.m2/repository/org/mockito/mockito-all/1.9.5/mockito-all-1.9.5.jar:/home/stamp/.m2/repository/junit/junit/4.11/junit-4.11.jar:/home/stamp/.m2/repository/org/hamcrest/hamcrest-core/1.3/hamcrest-core-1.3.jar:/home/stamp/.m2/repository/org/apache/httpcomponents/httpcore/4.3.1/httpcore-4.3.1.jar:/home/stamp/.m2/repository/log4j/log4j/1.2.17/log4j-1.2.17.jar:/home/stamp/.m2/repository/org/slf4j/slf4j-simple/1.7.21/slf4j-simple-1.7.21.jar:/home/stamp/.m2/repository/org/slf4j/slf4j-api/1.7.21/slf4j-api-1.7.21.jar:/home/stamp/.m2/repository/org/apache/commons/commons-lang3/3.4/commons-lang3-3.4.jar:/home/stamp/Git/CityGo/fiware-cygnus/cygnus-ngsi/cygnus-common-1.8.0_SNAPSHOT-jar-with-dependencies.jar:/home/stamp/.m2/repository/eu/stamp-project/descartes/1.1/descartes-1.1.jar:/home/stamp/.m2/repository/org/pitest/pitest/1.2.0/pitest-1.2.0.jar
/-\stderr  : Exception in thread "Thread-7" java.lang.NullPointerException
	at java.io.File.<init>(File.java:277)
	at com.telefonica.iot.cygnus.interceptors.NGSINameMappingsInterceptor$PeriodicalNameMappingsReader.run(NGSINameMappingsInterceptor.java:213)
CP is :/home/stamp/Git/CityGo/fiware-cygnus/cygnus-ngsi/target/test-classes:/home/stamp/Git/CityGo/fiware-cygnus/cygnus-ngsi/target/classes:/home/stamp/.m2/repository/org/mockito/mockito-all/1.9.5/mockito-all-1.9.5.jar:/home/stamp/.m2/repository/junit/junit/4.11/junit-4.11.jar:/home/stamp/.m2/repository/org/hamcrest/hamcrest-core/1.3/hamcrest-core-1.3.jar:/home/stamp/.m2/repository/org/apache/httpcomponents/httpcore/4.3.1/httpcore-4.3.1.jar:/home/stamp/.m2/repository/log4j/log4j/1.2.17/log4j-1.2.17.jar:/home/stamp/.m2/repository/org/slf4j/slf4j-simple/1.7.21/slf4j-simple-1.7.21.jar:/home/stamp/.m2/repository/org/slf4j/slf4j-api/1.7.21/slf4j-api-1.7.21.jar:/home/stamp/.m2/repository/org/apache/commons/commons-lang3/3.4/commons-lang3-3.4.jar:/home/stamp/Git/CityGo/fiware-cygnus/cygnus-ngsi/cygnus-common-1.8.0_SNAPSHOT-jar-with-dependencies.jar:/home/stamp/.m2/repository/eu/stamp-project/descartes/1.1/descartes-1.1.jar:/home/stamp/.m2/repository/org/pitest/pitest/1.2.0/pitest-1.2.0.jar
|CP is :/home/stamp/Git/CityGo/fiware-cygnus/cygnus-ngsi/target/test-classes:/home/stamp/Git/CityGo/fiware-cygnus/cygnus-ngsi/target/classes:/home/stamp/.m2/repository/org/mockito/mockito-all/1.9.5/mockito-all-1.9.5.jar:/home/stamp/.m2/repository/junit/junit/4.11/junit-4.11.jar:/home/stamp/.m2/repository/org/hamcrest/hamcrest-core/1.3/hamcrest-core-1.3.jar:/home/stamp/.m2/repository/org/apache/httpcomponents/httpcore/4.3.1/httpcore-4.3.1.jar:/home/stamp/.m2/repository/log4j/log4j/1.2.17/log4j-1.2.17.jar:/home/stamp/.m2/repository/org/slf4j/slf4j-simple/1.7.21/slf4j-simple-1.7.21.jar:/home/stamp/.m2/repository/org/slf4j/slf4j-api/1.7.21/slf4j-api-1.7.21.jar:/home/stamp/.m2/repository/org/apache/commons/commons-lang3/3.4/commons-lang3-3.4.jar:/home/stamp/Git/CityGo/fiware-cygnus/cygnus-ngsi/cygnus-common-1.8.0_SNAPSHOT-jar-with-dependencies.jar:/home/stamp/.m2/repository/eu/stamp-project/descartes/1.1/descartes-1.1.jar:/home/stamp/.m2/repository/org/pitest/pitest/1.2.0/pitest-1.2.0.jar
/CP is :/home/stamp/Git/CityGo/fiware-cygnus/cygnus-ngsi/target/test-classes:/home/stamp/Git/CityGo/fiware-cygnus/cygnus-ngsi/target/classes:/home/stamp/.m2/repository/org/mockito/mockito-all/1.9.5/mockito-all-1.9.5.jar:/home/stamp/.m2/repository/junit/junit/4.11/junit-4.11.jar:/home/stamp/.m2/repository/org/hamcrest/hamcrest-core/1.3/hamcrest-core-1.3.jar:/home/stamp/.m2/repository/org/apache/httpcomponents/httpcore/4.3.1/httpcore-4.3.1.jar:/home/stamp/.m2/repository/log4j/log4j/1.2.17/log4j-1.2.17.jar:/home/stamp/.m2/repository/org/slf4j/slf4j-simple/1.7.21/slf4j-simple-1.7.21.jar:/home/stamp/.m2/repository/org/slf4j/slf4j-api/1.7.21/slf4j-api-1.7.21.jar:/home/stamp/.m2/repository/org/apache/commons/commons-lang3/3.4/commons-lang3-3.4.jar:/home/stamp/Git/CityGo/fiware-cygnus/cygnus-ngsi/cygnus-common-1.8.0_SNAPSHOT-jar-with-dependencies.jar:/home/stamp/.m2/repository/eu/stamp-project/descartes/1.1/descartes-1.1.jar:/home/stamp/.m2/repository/org/pitest/pitest/1.2.0/pitest-1.2.0.jar
-stderr  : Exception in thread "Thread-3" java.lang.NullPointerException
	at java.io.File.<init>(File.java:277)
	at com.telefonica.iot.cygnus.interceptors.NGSINameMappingsInterceptor$PeriodicalNameMappingsReader.run(NGSINameMappingsInterceptor.java:213)
stderr  : Exception in thread "Thread-5" stderr  : java.lang.NullPointerExceptionstderr  : 
stderr  : 	at java.io.File.<init>(File.java:277)stderr  : 
stderr  : 	at com.telefonica.iot.cygnus.interceptors.NGSINameMappingsInterceptor$PeriodicalNameMappingsReader.run(NGSINameMappingsInterceptor.java:213)stderr  : 
stderr  : Exception in thread "Thread-7" stderr  : java.lang.NullPointerException
stderr  : 	at java.io.File.<init>(File.java:277)stderr  : 
stderr  : 	at com.telefonica.iot.cygnus.interceptors.NGSINameMappingsInterceptor$PeriodicalNameMappingsReader.run(NGSINameMappingsInterceptor.java:213)
stderr  : Exception in thread "Thread-9" stderr  : java.lang.NullPointerException
stderr  : 	at java.io.File.<init>(File.java:277)
stderr  : 	at com.telefonica.iot.cygnus.interceptors.NGSINameMappingsInterceptor$PeriodicalNameMappingsReader.run(NGSINameMappingsInterceptor.java:213)stderr  : 
CP is :/home/stamp/Git/CityGo/fiware-cygnus/cygnus-ngsi/target/test-classes:/home/stamp/Git/CityGo/fiware-cygnus/cygnus-ngsi/target/classes:/home/stamp/.m2/repository/org/mockito/mockito-all/1.9.5/mockito-all-1.9.5.jar:/home/stamp/.m2/repository/junit/junit/4.11/junit-4.11.jar:/home/stamp/.m2/repository/org/hamcrest/hamcrest-core/1.3/hamcrest-core-1.3.jar:/home/stamp/.m2/repository/org/apache/httpcomponents/httpcore/4.3.1/httpcore-4.3.1.jar:/home/stamp/.m2/repository/log4j/log4j/1.2.17/log4j-1.2.17.jar:/home/stamp/.m2/repository/org/slf4j/slf4j-simple/1.7.21/slf4j-simple-1.7.21.jar:/home/stamp/.m2/repository/org/slf4j/slf4j-api/1.7.21/slf4j-api-1.7.21.jar:/home/stamp/.m2/repository/org/apache/commons/commons-lang3/3.4/commons-lang3-3.4.jar:/home/stamp/Git/CityGo/fiware-cygnus/cygnus-ngsi/cygnus-common-1.8.0_SNAPSHOT-jar-with-dependencies.jar:/home/stamp/.m2/repository/eu/stamp-project/descartes/1.1/descartes-1.1.jar:/home/stamp/.m2/repository/org/pitest/pitest/1.2.0/pitest-1.2.0.jar
\|/CP is :/home/stamp/Git/CityGo/fiware-cygnus/cygnus-ngsi/target/test-classes:/home/stamp/Git/CityGo/fiware-cygnus/cygnus-ngsi/target/classes:/home/stamp/.m2/repository/org/mockito/mockito-all/1.9.5/mockito-all-1.9.5.jar:/home/stamp/.m2/repository/junit/junit/4.11/junit-4.11.jar:/home/stamp/.m2/repository/org/hamcrest/hamcrest-core/1.3/hamcrest-core-1.3.jar:/home/stamp/.m2/repository/org/apache/httpcomponents/httpcore/4.3.1/httpcore-4.3.1.jar:/home/stamp/.m2/repository/log4j/log4j/1.2.17/log4j-1.2.17.jar:/home/stamp/.m2/repository/org/slf4j/slf4j-simple/1.7.21/slf4j-simple-1.7.21.jar:/home/stamp/.m2/repository/org/slf4j/slf4j-api/1.7.21/slf4j-api-1.7.21.jar:/home/stamp/.m2/repository/org/apache/commons/commons-lang3/3.4/commons-lang3-3.4.jar:/home/stamp/Git/CityGo/fiware-cygnus/cygnus-ngsi/cygnus-common-1.8.0_SNAPSHOT-jar-with-dependencies.jar:/home/stamp/.m2/repository/eu/stamp-project/descartes/1.1/descartes-1.1.jar:/home/stamp/.m2/repository/org/pitest/pitest/1.2.0/pitest-1.2.0.jar
-CP is :/home/stamp/Git/CityGo/fiware-cygnus/cygnus-ngsi/target/test-classes:/home/stamp/Git/CityGo/fiware-cygnus/cygnus-ngsi/target/classes:/home/stamp/.m2/repository/org/mockito/mockito-all/1.9.5/mockito-all-1.9.5.jar:/home/stamp/.m2/repository/junit/junit/4.11/junit-4.11.jar:/home/stamp/.m2/repository/org/hamcrest/hamcrest-core/1.3/hamcrest-core-1.3.jar:/home/stamp/.m2/repository/org/apache/httpcomponents/httpcore/4.3.1/httpcore-4.3.1.jar:/home/stamp/.m2/repository/log4j/log4j/1.2.17/log4j-1.2.17.jar:/home/stamp/.m2/repository/org/slf4j/slf4j-simple/1.7.21/slf4j-simple-1.7.21.jar:/home/stamp/.m2/repository/org/slf4j/slf4j-api/1.7.21/slf4j-api-1.7.21.jar:/home/stamp/.m2/repository/org/apache/commons/commons-lang3/3.4/commons-lang3-3.4.jar:/home/stamp/Git/CityGo/fiware-cygnus/cygnus-ngsi/cygnus-common-1.8.0_SNAPSHOT-jar-with-dependencies.jar:/home/stamp/.m2/repository/eu/stamp-project/descartes/1.1/descartes-1.1.jar:/home/stamp/.m2/repository/org/pitest/pitest/1.2.0/pitest-1.2.0.jar
\|/-CP is :/home/stamp/Git/CityGo/fiware-cygnus/cygnus-ngsi/target/test-classes:/home/stamp/Git/CityGo/fiware-cygnus/cygnus-ngsi/target/classes:/home/stamp/.m2/repository/org/mockito/mockito-all/1.9.5/mockito-all-1.9.5.jar:/home/stamp/.m2/repository/junit/junit/4.11/junit-4.11.jar:/home/stamp/.m2/repository/org/hamcrest/hamcrest-core/1.3/hamcrest-core-1.3.jar:/home/stamp/.m2/repository/org/apache/httpcomponents/httpcore/4.3.1/httpcore-4.3.1.jar:/home/stamp/.m2/repository/log4j/log4j/1.2.17/log4j-1.2.17.jar:/home/stamp/.m2/repository/org/slf4j/slf4j-simple/1.7.21/slf4j-simple-1.7.21.jar:/home/stamp/.m2/repository/org/slf4j/slf4j-api/1.7.21/slf4j-api-1.7.21.jar:/home/stamp/.m2/repository/org/apache/commons/commons-lang3/3.4/commons-lang3-3.4.jar:/home/stamp/Git/CityGo/fiware-cygnus/cygnus-ngsi/cygnus-common-1.8.0_SNAPSHOT-jar-with-dependencies.jar:/home/stamp/.m2/repository/eu/stamp-project/descartes/1.1/descartes-1.1.jar:/home/stamp/.m2/repository/org/pitest/pitest/1.2.0/pitest-1.2.0.jar
\CP is :/home/stamp/Git/CityGo/fiware-cygnus/cygnus-ngsi/target/test-classes:/home/stamp/Git/CityGo/fiware-cygnus/cygnus-ngsi/target/classes:/home/stamp/.m2/repository/org/mockito/mockito-all/1.9.5/mockito-all-1.9.5.jar:/home/stamp/.m2/repository/junit/junit/4.11/junit-4.11.jar:/home/stamp/.m2/repository/org/hamcrest/hamcrest-core/1.3/hamcrest-core-1.3.jar:/home/stamp/.m2/repository/org/apache/httpcomponents/httpcore/4.3.1/httpcore-4.3.1.jar:/home/stamp/.m2/repository/log4j/log4j/1.2.17/log4j-1.2.17.jar:/home/stamp/.m2/repository/org/slf4j/slf4j-simple/1.7.21/slf4j-simple-1.7.21.jar:/home/stamp/.m2/repository/org/slf4j/slf4j-api/1.7.21/slf4j-api-1.7.21.jar:/home/stamp/.m2/repository/org/apache/commons/commons-lang3/3.4/commons-lang3-3.4.jar:/home/stamp/Git/CityGo/fiware-cygnus/cygnus-ngsi/cygnus-common-1.8.0_SNAPSHOT-jar-with-dependencies.jar:/home/stamp/.m2/repository/eu/stamp-project/descartes/1.1/descartes-1.1.jar:/home/stamp/.m2/repository/org/pitest/pitest/1.2.0/pitest-1.2.0.jar
|/CP is :/home/stamp/Git/CityGo/fiware-cygnus/cygnus-ngsi/target/test-classes:/home/stamp/Git/CityGo/fiware-cygnus/cygnus-ngsi/target/classes:/home/stamp/.m2/repository/org/mockito/mockito-all/1.9.5/mockito-all-1.9.5.jar:/home/stamp/.m2/repository/junit/junit/4.11/junit-4.11.jar:/home/stamp/.m2/repository/org/hamcrest/hamcrest-core/1.3/hamcrest-core-1.3.jar:/home/stamp/.m2/repository/org/apache/httpcomponents/httpcore/4.3.1/httpcore-4.3.1.jar:/home/stamp/.m2/repository/log4j/log4j/1.2.17/log4j-1.2.17.jar:/home/stamp/.m2/repository/org/slf4j/slf4j-simple/1.7.21/slf4j-simple-1.7.21.jar:/home/stamp/.m2/repository/org/slf4j/slf4j-api/1.7.21/slf4j-api-1.7.21.jar:/home/stamp/.m2/repository/org/apache/commons/commons-lang3/3.4/commons-lang3-3.4.jar:/home/stamp/Git/CityGo/fiware-cygnus/cygnus-ngsi/cygnus-common-1.8.0_SNAPSHOT-jar-with-dependencies.jar:/home/stamp/.m2/repository/eu/stamp-project/descartes/1.1/descartes-1.1.jar:/home/stamp/.m2/repository/org/pitest/pitest/1.2.0/pitest-1.2.0.jar
-CP is :/home/stamp/Git/CityGo/fiware-cygnus/cygnus-ngsi/target/test-classes:/home/stamp/Git/CityGo/fiware-cygnus/cygnus-ngsi/target/classes:/home/stamp/.m2/repository/org/mockito/mockito-all/1.9.5/mockito-all-1.9.5.jar:/home/stamp/.m2/repository/junit/junit/4.11/junit-4.11.jar:/home/stamp/.m2/repository/org/hamcrest/hamcrest-core/1.3/hamcrest-core-1.3.jar:/home/stamp/.m2/repository/org/apache/httpcomponents/httpcore/4.3.1/httpcore-4.3.1.jar:/home/stamp/.m2/repository/log4j/log4j/1.2.17/log4j-1.2.17.jar:/home/stamp/.m2/repository/org/slf4j/slf4j-simple/1.7.21/slf4j-simple-1.7.21.jar:/home/stamp/.m2/repository/org/slf4j/slf4j-api/1.7.21/slf4j-api-1.7.21.jar:/home/stamp/.m2/repository/org/apache/commons/commons-lang3/3.4/commons-lang3-3.4.jar:/home/stamp/Git/CityGo/fiware-cygnus/cygnus-ngsi/cygnus-common-1.8.0_SNAPSHOT-jar-with-dependencies.jar:/home/stamp/.m2/repository/eu/stamp-project/descartes/1.1/descartes-1.1.jar:/home/stamp/.m2/repository/org/pitest/pitest/1.2.0/pitest-1.2.0.jar
\CP is :/home/stamp/Git/CityGo/fiware-cygnus/cygnus-ngsi/target/test-classes:/home/stamp/Git/CityGo/fiware-cygnus/cygnus-ngsi/target/classes:/home/stamp/.m2/repository/org/mockito/mockito-all/1.9.5/mockito-all-1.9.5.jar:/home/stamp/.m2/repository/junit/junit/4.11/junit-4.11.jar:/home/stamp/.m2/repository/org/hamcrest/hamcrest-core/1.3/hamcrest-core-1.3.jar:/home/stamp/.m2/repository/org/apache/httpcomponents/httpcore/4.3.1/httpcore-4.3.1.jar:/home/stamp/.m2/repository/log4j/log4j/1.2.17/log4j-1.2.17.jar:/home/stamp/.m2/repository/org/slf4j/slf4j-simple/1.7.21/slf4j-simple-1.7.21.jar:/home/stamp/.m2/repository/org/slf4j/slf4j-api/1.7.21/slf4j-api-1.7.21.jar:/home/stamp/.m2/repository/org/apache/commons/commons-lang3/3.4/commons-lang3-3.4.jar:/home/stamp/Git/CityGo/fiware-cygnus/cygnus-ngsi/cygnus-common-1.8.0_SNAPSHOT-jar-with-dependencies.jar:/home/stamp/.m2/repository/eu/stamp-project/descartes/1.1/descartes-1.1.jar:/home/stamp/.m2/repository/org/pitest/pitest/1.2.0/pitest-1.2.0.jar
|CP is :/home/stamp/Git/CityGo/fiware-cygnus/cygnus-ngsi/target/test-classes:/home/stamp/Git/CityGo/fiware-cygnus/cygnus-ngsi/target/classes:/home/stamp/.m2/repository/org/mockito/mockito-all/1.9.5/mockito-all-1.9.5.jar:/home/stamp/.m2/repository/junit/junit/4.11/junit-4.11.jar:/home/stamp/.m2/repository/org/hamcrest/hamcrest-core/1.3/hamcrest-core-1.3.jar:/home/stamp/.m2/repository/org/apache/httpcomponents/httpcore/4.3.1/httpcore-4.3.1.jar:/home/stamp/.m2/repository/log4j/log4j/1.2.17/log4j-1.2.17.jar:/home/stamp/.m2/repository/org/slf4j/slf4j-simple/1.7.21/slf4j-simple-1.7.21.jar:/home/stamp/.m2/repository/org/slf4j/slf4j-api/1.7.21/slf4j-api-1.7.21.jar:/home/stamp/.m2/repository/org/apache/commons/commons-lang3/3.4/commons-lang3-3.4.jar:/home/stamp/Git/CityGo/fiware-cygnus/cygnus-ngsi/cygnus-common-1.8.0_SNAPSHOT-jar-with-dependencies.jar:/home/stamp/.m2/repository/eu/stamp-project/descartes/1.1/descartes-1.1.jar:/home/stamp/.m2/repository/org/pitest/pitest/1.2.0/pitest-1.2.0.jar
/-\|CP is :/home/stamp/Git/CityGo/fiware-cygnus/cygnus-ngsi/target/test-classes:/home/stamp/Git/CityGo/fiware-cygnus/cygnus-ngsi/target/classes:/home/stamp/.m2/repository/org/mockito/mockito-all/1.9.5/mockito-all-1.9.5.jar:/home/stamp/.m2/repository/junit/junit/4.11/junit-4.11.jar:/home/stamp/.m2/repository/org/hamcrest/hamcrest-core/1.3/hamcrest-core-1.3.jar:/home/stamp/.m2/repository/org/apache/httpcomponents/httpcore/4.3.1/httpcore-4.3.1.jar:/home/stamp/.m2/repository/log4j/log4j/1.2.17/log4j-1.2.17.jar:/home/stamp/.m2/repository/org/slf4j/slf4j-simple/1.7.21/slf4j-simple-1.7.21.jar:/home/stamp/.m2/repository/org/slf4j/slf4j-api/1.7.21/slf4j-api-1.7.21.jar:/home/stamp/.m2/repository/org/apache/commons/commons-lang3/3.4/commons-lang3-3.4.jar:/home/stamp/Git/CityGo/fiware-cygnus/cygnus-ngsi/cygnus-common-1.8.0_SNAPSHOT-jar-with-dependencies.jar:/home/stamp/.m2/repository/eu/stamp-project/descartes/1.1/descartes-1.1.jar:/home/stamp/.m2/repository/org/pitest/pitest/1.2.0/pitest-1.2.0.jar
/CP is :/home/stamp/Git/CityGo/fiware-cygnus/cygnus-ngsi/target/test-classes:/home/stamp/Git/CityGo/fiware-cygnus/cygnus-ngsi/target/classes:/home/stamp/.m2/repository/org/mockito/mockito-all/1.9.5/mockito-all-1.9.5.jar:/home/stamp/.m2/repository/junit/junit/4.11/junit-4.11.jar:/home/stamp/.m2/repository/org/hamcrest/hamcrest-core/1.3/hamcrest-core-1.3.jar:/home/stamp/.m2/repository/org/apache/httpcomponents/httpcore/4.3.1/httpcore-4.3.1.jar:/home/stamp/.m2/repository/log4j/log4j/1.2.17/log4j-1.2.17.jar:/home/stamp/.m2/repository/org/slf4j/slf4j-simple/1.7.21/slf4j-simple-1.7.21.jar:/home/stamp/.m2/repository/org/slf4j/slf4j-api/1.7.21/slf4j-api-1.7.21.jar:/home/stamp/.m2/repository/org/apache/commons/commons-lang3/3.4/commons-lang3-3.4.jar:/home/stamp/Git/CityGo/fiware-cygnus/cygnus-ngsi/cygnus-common-1.8.0_SNAPSHOT-jar-with-dependencies.jar:/home/stamp/.m2/repository/eu/stamp-project/descartes/1.1/descartes-1.1.jar:/home/stamp/.m2/repository/org/pitest/pitest/1.2.0/pitest-1.2.0.jar
-\CP is :/home/stamp/Git/CityGo/fiware-cygnus/cygnus-ngsi/target/test-classes:/home/stamp/Git/CityGo/fiware-cygnus/cygnus-ngsi/target/classes:/home/stamp/.m2/repository/org/mockito/mockito-all/1.9.5/mockito-all-1.9.5.jar:/home/stamp/.m2/repository/junit/junit/4.11/junit-4.11.jar:/home/stamp/.m2/repository/org/hamcrest/hamcrest-core/1.3/hamcrest-core-1.3.jar:/home/stamp/.m2/repository/org/apache/httpcomponents/httpcore/4.3.1/httpcore-4.3.1.jar:/home/stamp/.m2/repository/log4j/log4j/1.2.17/log4j-1.2.17.jar:/home/stamp/.m2/repository/org/slf4j/slf4j-simple/1.7.21/slf4j-simple-1.7.21.jar:/home/stamp/.m2/repository/org/slf4j/slf4j-api/1.7.21/slf4j-api-1.7.21.jar:/home/stamp/.m2/repository/org/apache/commons/commons-lang3/3.4/commons-lang3-3.4.jar:/home/stamp/Git/CityGo/fiware-cygnus/cygnus-ngsi/cygnus-common-1.8.0_SNAPSHOT-jar-with-dependencies.jar:/home/stamp/.m2/repository/eu/stamp-project/descartes/1.1/descartes-1.1.jar:/home/stamp/.m2/repository/org/pitest/pitest/1.2.0/pitest-1.2.0.jar
|/-\|/-\|/-\|/-10:36:54 AM PIT >> INFO : Completed in 34 seconds
================================================================================
- Timings
================================================================================
> scan classpath : < 1 second
> coverage and dependency analysis : 2 seconds
> build mutation tests : < 1 second
> run mutation analysis : 31 seconds
--------------------------------------------------------------------------------
> Total  : 34 seconds
--------------------------------------------------------------------------------
================================================================================
- Statistics
================================================================================
>> Generated 401 mutations Killed 191 (48%)
>> Ran 445 tests (1.11 tests per mutation)
================================================================================
- Mutators
================================================================================
> ""
>> Generated 71 Killed 41 (58%)
> KILLED 41 SURVIVED 4 TIMED_OUT 0 NON_VIABLE 0 
> MEMORY_ERROR 0 NOT_STARTED 0 STARTED 0 RUN_ERROR 0 
> NO_COVERAGE 26 
--------------------------------------------------------------------------------
> "A"
>> Generated 71 Killed 45 (63%)
> KILLED 45 SURVIVED 0 TIMED_OUT 0 NON_VIABLE 0 
> MEMORY_ERROR 0 NOT_STARTED 0 STARTED 0 RUN_ERROR 0 
> NO_COVERAGE 26 
--------------------------------------------------------------------------------
> void
>> Generated 121 Killed 29 (24%)
> KILLED 29 SURVIVED 4 TIMED_OUT 0 NON_VIABLE 0 
> MEMORY_ERROR 0 NOT_STARTED 0 STARTED 0 RUN_ERROR 0 
> NO_COVERAGE 88 
--------------------------------------------------------------------------------
> null
>> Generated 118 Killed 61 (52%)
> KILLED 61 SURVIVED 8 TIMED_OUT 0 NON_VIABLE 0 
> MEMORY_ERROR 0 NOT_STARTED 0 STARTED 0 RUN_ERROR 0 
> NO_COVERAGE 49 
--------------------------------------------------------------------------------
> false
>> Generated 7 Killed 5 (71%)
> KILLED 5 SURVIVED 0 TIMED_OUT 0 NON_VIABLE 0 
> MEMORY_ERROR 0 NOT_STARTED 0 STARTED 0 RUN_ERROR 0 
> NO_COVERAGE 2 
--------------------------------------------------------------------------------
> true
>> Generated 7 Killed 5 (71%)
> KILLED 5 SURVIVED 0 TIMED_OUT 0 NON_VIABLE 0 
> MEMORY_ERROR 0 NOT_STARTED 0 STARTED 0 RUN_ERROR 0 
> NO_COVERAGE 2 
--------------------------------------------------------------------------------
> 1L
>> Generated 1 Killed 1 (100%)
> KILLED 1 SURVIVED 0 TIMED_OUT 0 NON_VIABLE 0 
> MEMORY_ERROR 0 NOT_STARTED 0 STARTED 0 RUN_ERROR 0 
> NO_COVERAGE 0 
--------------------------------------------------------------------------------
> 0L
>> Generated 1 Killed 1 (100%)
> KILLED 1 SURVIVED 0 TIMED_OUT 0 NON_VIABLE 0 
> MEMORY_ERROR 0 NOT_STARTED 0 STARTED 0 RUN_ERROR 0 
> NO_COVERAGE 0 
--------------------------------------------------------------------------------
> empty
>> Generated 4 Killed 3 (75%)
> KILLED 3 SURVIVED 1 TIMED_OUT 0 NON_VIABLE 0 
> MEMORY_ERROR 0 NOT_STARTED 0 STARTED 0 RUN_ERROR 0 
> NO_COVERAGE 0 
--------------------------------------------------------------------------------
[INFO] ------------------------------------------------------------------------
[INFO] BUILD SUCCESS
[INFO] ------------------------------------------------------------------------
[INFO] Total time: 40.283 s
[INFO] Finished at: 2018-05-03T10:36:54+02:00
[INFO] Final Memory: 20M/567M
[INFO] ------------------------------------------------------------------------
Ended Descartes: Thu May  3 10:36:55 CEST 2018
